[     496ms] [ERROR] Failed to load resource: the server responded with a status of 500 (Internal Server Error) @ http://localhost:3000/spaces/1:0
[    1574ms] ReferenceError: ws is not defined
    at http://localhost:3000/_next/static/chunks/frontend_src_3ef9d650._.js:2402:126
    at Array.map (<anonymous>)
    at LeftSidebar (http://localhost:3000/_next/static/chunks/frontend_src_3ef9d650._.js:2400:50)
    at Object.react_stack_bottom_frame (http://localhost:3000/_next/static/chunks/9e883_next_dist_compiled_react-dom_33d456f8._.js:14816:24)
    at renderWithHooks (http://localhost:3000/_next/static/chunks/9e883_next_dist_compiled_react-dom_33d456f8._.js:4645:24)
    at updateFunctionComponent (http://localhost:3000/_next/static/chunks/9e883_next_dist_compiled_react-dom_33d456f8._.js:6106:21)
    at beginWork (http://localhost:3000/_next/static/chunks/9e883_next_dist_compiled_react-dom_33d456f8._.js:6702:24)
    at runWithFiberInDEV (http://localhost:3000/_next/static/chunks/9e883_next_dist_compiled_react-dom_33d456f8._.js:959:74)
    at performUnitOfWork (http://localhost:3000/_next/static/chunks/9e883_next_dist_compiled_react-dom_33d456f8._.js:9556:97)
    at workLoopSync (http://localhost:3000/_next/static/chunks/9e883_next_dist_compiled_react-dom_33d456f8._.js:9450:40)
    at renderRootSync (http://localhost:3000/_next/static/chunks/9e883_next_dist_compiled_react-dom_33d456f8._.js:9434:13)
    at performWorkOnRoot (http://localhost:3000/_next/static/chunks/9e883_next_dist_compiled_react-dom_33d456f8._.js:9099:47)
    at performWorkOnRootViaSchedulerTask (http://localhost:3000/_next/static/chunks/9e883_next_dist_compiled_react-dom_33d456f8._.js:10224:9)
    at MessagePort.performWorkUntilDeadline (http://localhost:3000/_next/static/chunks/9e883_next_dist_compiled_8f5ebc08._.js:2647:64)
[    4698ms] [WARNING] The resource http://localhost:3000/_next/static/chunks/%5Broot-of-the-server%5D__054ee4da._.css was preloaded using link preload but not used within a few seconds from the window's load event. Please make sure it has an appropriate `as` value and it is preloaded intentionally. @ http://localhost:3000/spaces/1:0
[   23661ms] [WARNING] [Fast Refresh] performing full reload because your application had an unrecoverable error @ http://localhost:3000/_next/static/chunks/9e883_next_dist_4c1928ef._.js:2287
[   27120ms] [WARNING] The resource http://localhost:3000/_next/static/chunks/%5Broot-of-the-server%5D__054ee4da._.css was preloaded using link preload but not used within a few seconds from the window's load event. Please make sure it has an appropriate `as` value and it is preloaded intentionally. @ http://localhost:3000/spaces/1:0
[   30988ms] [WARNING] [React Flow]: It seems that you haven't loaded the styles. Please import '@xyflow/react/dist/style.css' or base.css to make sure everything is working properly. Help: https://reactflow.dev/error#013 @ http://localhost:3000/_next/static/chunks/9e883_next_dist_4c1928ef._.js:2287
[   31090ms] [WARNING] If you do not provide a visible label, you must specify an aria-label or aria-labelledby attribute for accessibility @ http://localhost:3000/_next/static/chunks/9e883_next_dist_4c1928ef._.js:2287
[   31093ms] [WARNING] If you do not provide a visible label, you must specify an aria-label or aria-labelledby attribute for accessibility @ http://localhost:3000/_next/static/chunks/9e883_next_dist_4c1928ef._.js:2287
[   31122ms] [WARNING] If you do not provide a visible label, you must specify an aria-label or aria-labelledby attribute for accessibility @ http://localhost:3000/_next/static/chunks/9e883_next_dist_4c1928ef._.js:2287
[   31123ms] [WARNING] If you do not provide a visible label, you must specify an aria-label or aria-labelledby attribute for accessibility @ http://localhost:3000/_next/static/chunks/9e883_next_dist_4c1928ef._.js:2287
[   31342ms] [WARNING] If you do not provide a visible label, you must specify an aria-label or aria-labelledby attribute for accessibility @ http://localhost:3000/_next/static/chunks/9e883_next_dist_4c1928ef._.js:2287
[   31343ms] [WARNING] If you do not provide a visible label, you must specify an aria-label or aria-labelledby attribute for accessibility @ http://localhost:3000/_next/static/chunks/9e883_next_dist_4c1928ef._.js:2287
[   31359ms] [WARNING] If you do not provide a visible label, you must specify an aria-label or aria-labelledby attribute for accessibility @ http://localhost:3000/_next/static/chunks/9e883_next_dist_4c1928ef._.js:2287
[   31360ms] [WARNING] If you do not provide a visible label, you must specify an aria-label or aria-labelledby attribute for accessibility @ http://localhost:3000/_next/static/chunks/9e883_next_dist_4c1928ef._.js:2287
[   31497ms] [WARNING] If you do not provide a visible label, you must specify an aria-label or aria-labelledby attribute for accessibility @ http://localhost:3000/_next/static/chunks/9e883_next_dist_4c1928ef._.js:2287
[   31500ms] [WARNING] If you do not provide a visible label, you must specify an aria-label or aria-labelledby attribute for accessibility @ http://localhost:3000/_next/static/chunks/9e883_next_dist_4c1928ef._.js:2287
[   31513ms] [WARNING] If you do not provide a visible label, you must specify an aria-label or aria-labelledby attribute for accessibility @ http://localhost:3000/_next/static/chunks/9e883_next_dist_4c1928ef._.js:2287
[   31516ms] [WARNING] If you do not provide a visible label, you must specify an aria-label or aria-labelledby attribute for accessibility @ http://localhost:3000/_next/static/chunks/9e883_next_dist_4c1928ef._.js:2287
