[    1461ms] [WARNING] If you do not provide a visible label, you must specify an aria-label or aria-labelledby attribute for accessibility @ http://localhost:3000/_next/static/chunks/9e883_next_dist_4c1928ef._.js:2287
[    1464ms] [WARNING] If you do not provide a visible label, you must specify an aria-label or aria-labelledby attribute for accessibility @ http://localhost:3000/_next/static/chunks/9e883_next_dist_4c1928ef._.js:2287
[    1479ms] [WARNING] If you do not provide a visible label, you must specify an aria-label or aria-labelledby attribute for accessibility @ http://localhost:3000/_next/static/chunks/9e883_next_dist_4c1928ef._.js:2287
[    1480ms] [WARNING] If you do not provide a visible label, you must specify an aria-label or aria-labelledby attribute for accessibility @ http://localhost:3000/_next/static/chunks/9e883_next_dist_4c1928ef._.js:2287
[    1511ms] [WARNING] If you do not provide a visible label, you must specify an aria-label or aria-labelledby attribute for accessibility @ http://localhost:3000/_next/static/chunks/9e883_next_dist_4c1928ef._.js:2287
[    1511ms] [WARNING] If you do not provide a visible label, you must specify an aria-label or aria-labelledby attribute for accessibility @ http://localhost:3000/_next/static/chunks/9e883_next_dist_4c1928ef._.js:2287
[    1519ms] [WARNING] If you do not provide a visible label, you must specify an aria-label or aria-labelledby attribute for accessibility @ http://localhost:3000/_next/static/chunks/9e883_next_dist_4c1928ef._.js:2287
[    1520ms] [WARNING] If you do not provide a visible label, you must specify an aria-label or aria-labelledby attribute for accessibility @ http://localhost:3000/_next/static/chunks/9e883_next_dist_4c1928ef._.js:2287
[    1579ms] [WARNING] If you do not provide a visible label, you must specify an aria-label or aria-labelledby attribute for accessibility @ http://localhost:3000/_next/static/chunks/9e883_next_dist_4c1928ef._.js:2287
[    1597ms] [WARNING] If you do not provide a visible label, you must specify an aria-label or aria-labelledby attribute for accessibility @ http://localhost:3000/_next/static/chunks/9e883_next_dist_4c1928ef._.js:2287
[    1636ms] [WARNING] If you do not provide a visible label, you must specify an aria-label or aria-labelledby attribute for accessibility @ http://localhost:3000/_next/static/chunks/9e883_next_dist_4c1928ef._.js:2287
[    1642ms] [WARNING] If you do not provide a visible label, you must specify an aria-label or aria-labelledby attribute for accessibility @ http://localhost:3000/_next/static/chunks/9e883_next_dist_4c1928ef._.js:2287
[    1756ms] [WARNING] If you do not provide a visible label, you must specify an aria-label or aria-labelledby attribute for accessibility @ http://localhost:3000/_next/static/chunks/9e883_next_dist_4c1928ef._.js:2287
[    1757ms] [WARNING] If you do not provide a visible label, you must specify an aria-label or aria-labelledby attribute for accessibility @ http://localhost:3000/_next/static/chunks/9e883_next_dist_4c1928ef._.js:2287
[    1765ms] [WARNING] If you do not provide a visible label, you must specify an aria-label or aria-labelledby attribute for accessibility @ http://localhost:3000/_next/static/chunks/9e883_next_dist_4c1928ef._.js:2287
[    1766ms] [WARNING] If you do not provide a visible label, you must specify an aria-label or aria-labelledby attribute for accessibility @ http://localhost:3000/_next/static/chunks/9e883_next_dist_4c1928ef._.js:2287
[    1773ms] [WARNING] If you do not provide a visible label, you must specify an aria-label or aria-labelledby attribute for accessibility @ http://localhost:3000/_next/static/chunks/9e883_next_dist_4c1928ef._.js:2287
[    1773ms] [WARNING] If you do not provide a visible label, you must specify an aria-label or aria-labelledby attribute for accessibility @ http://localhost:3000/_next/static/chunks/9e883_next_dist_4c1928ef._.js:2287
[    1782ms] [WARNING] If you do not provide a visible label, you must specify an aria-label or aria-labelledby attribute for accessibility @ http://localhost:3000/_next/static/chunks/9e883_next_dist_4c1928ef._.js:2287
[    1786ms] [WARNING] If you do not provide a visible label, you must specify an aria-label or aria-labelledby attribute for accessibility @ http://localhost:3000/_next/static/chunks/9e883_next_dist_4c1928ef._.js:2287
[    1799ms] [WARNING] If you do not provide a visible label, you must specify an aria-label or aria-labelledby attribute for accessibility @ http://localhost:3000/_next/static/chunks/9e883_next_dist_4c1928ef._.js:2287
[    1801ms] [WARNING] If you do not provide a visible label, you must specify an aria-label or aria-labelledby attribute for accessibility @ http://localhost:3000/_next/static/chunks/9e883_next_dist_4c1928ef._.js:2287
[    1811ms] [WARNING] If you do not provide a visible label, you must specify an aria-label or aria-labelledby attribute for accessibility @ http://localhost:3000/_next/static/chunks/9e883_next_dist_4c1928ef._.js:2287
[    1811ms] [WARNING] If you do not provide a visible label, you must specify an aria-label or aria-labelledby attribute for accessibility @ http://localhost:3000/_next/static/chunks/9e883_next_dist_4c1928ef._.js:2287
[    2006ms] [WARNING] If you do not provide a visible label, you must specify an aria-label or aria-labelledby attribute for accessibility @ http://localhost:3000/_next/static/chunks/9e883_next_dist_4c1928ef._.js:2287
[    2007ms] [WARNING] If you do not provide a visible label, you must specify an aria-label or aria-labelledby attribute for accessibility @ http://localhost:3000/_next/static/chunks/9e883_next_dist_4c1928ef._.js:2287
[    2008ms] [WARNING] If you do not provide a visible label, you must specify an aria-label or aria-labelledby attribute for accessibility @ http://localhost:3000/_next/static/chunks/9e883_next_dist_4c1928ef._.js:2287
[    2009ms] [WARNING] If you do not provide a visible label, you must specify an aria-label or aria-labelledby attribute for accessibility @ http://localhost:3000/_next/static/chunks/9e883_next_dist_4c1928ef._.js:2287
[    2010ms] [WARNING] If you do not provide a visible label, you must specify an aria-label or aria-labelledby attribute for accessibility @ http://localhost:3000/_next/static/chunks/9e883_next_dist_4c1928ef._.js:2287
[    2010ms] [WARNING] If you do not provide a visible label, you must specify an aria-label or aria-labelledby attribute for accessibility @ http://localhost:3000/_next/static/chunks/9e883_next_dist_4c1928ef._.js:2287
[    2011ms] [WARNING] If you do not provide a visible label, you must specify an aria-label or aria-labelledby attribute for accessibility @ http://localhost:3000/_next/static/chunks/9e883_next_dist_4c1928ef._.js:2287
[    2011ms] [WARNING] If you do not provide a visible label, you must specify an aria-label or aria-labelledby attribute for accessibility @ http://localhost:3000/_next/static/chunks/9e883_next_dist_4c1928ef._.js:2287
[    2012ms] [WARNING] If you do not provide a visible label, you must specify an aria-label or aria-labelledby attribute for accessibility @ http://localhost:3000/_next/static/chunks/9e883_next_dist_4c1928ef._.js:2287
[    2013ms] [WARNING] If you do not provide a visible label, you must specify an aria-label or aria-labelledby attribute for accessibility @ http://localhost:3000/_next/static/chunks/9e883_next_dist_4c1928ef._.js:2287
[    2014ms] [WARNING] If you do not provide a visible label, you must specify an aria-label or aria-labelledby attribute for accessibility @ http://localhost:3000/_next/static/chunks/9e883_next_dist_4c1928ef._.js:2287
[    2015ms] [WARNING] If you do not provide a visible label, you must specify an aria-label or aria-labelledby attribute for accessibility @ http://localhost:3000/_next/static/chunks/9e883_next_dist_4c1928ef._.js:2287
[    8007ms] [WARNING] <Item> with non-plain text contents is unsupported by type to select for accessibility. Please add a `textValue` prop. @ http://localhost:3000/_next/static/chunks/9e883_next_dist_4c1928ef._.js:2287
[    8007ms] [WARNING] <Item> with non-plain text contents is unsupported by type to select for accessibility. Please add a `textValue` prop. @ http://localhost:3000/_next/static/chunks/9e883_next_dist_4c1928ef._.js:2287
[    8007ms] [WARNING] <Item> with non-plain text contents is unsupported by type to select for accessibility. Please add a `textValue` prop. @ http://localhost:3000/_next/static/chunks/9e883_next_dist_4c1928ef._.js:2287
[    8008ms] [WARNING] <Item> with non-plain text contents is unsupported by type to select for accessibility. Please add a `textValue` prop. @ http://localhost:3000/_next/static/chunks/9e883_next_dist_4c1928ef._.js:2287
[    8008ms] [WARNING] <Item> with non-plain text contents is unsupported by type to select for accessibility. Please add a `textValue` prop. @ http://localhost:3000/_next/static/chunks/9e883_next_dist_4c1928ef._.js:2287
[    8008ms] [WARNING] <Item> with non-plain text contents is unsupported by type to select for accessibility. Please add a `textValue` prop. @ http://localhost:3000/_next/static/chunks/9e883_next_dist_4c1928ef._.js:2287
[    8008ms] [WARNING] <Item> with non-plain text contents is unsupported by type to select for accessibility. Please add a `textValue` prop. @ http://localhost:3000/_next/static/chunks/9e883_next_dist_4c1928ef._.js:2287
[    8009ms] [WARNING] <Item> with non-plain text contents is unsupported by type to select for accessibility. Please add a `textValue` prop. @ http://localhost:3000/_next/static/chunks/9e883_next_dist_4c1928ef._.js:2287
[    8009ms] [WARNING] <Item> with non-plain text contents is unsupported by type to select for accessibility. Please add a `textValue` prop. @ http://localhost:3000/_next/static/chunks/9e883_next_dist_4c1928ef._.js:2287
[    8009ms] [WARNING] <Item> with non-plain text contents is unsupported by type to select for accessibility. Please add a `textValue` prop. @ http://localhost:3000/_next/static/chunks/9e883_next_dist_4c1928ef._.js:2287
[    8009ms] [WARNING] <Item> with non-plain text contents is unsupported by type to select for accessibility. Please add a `textValue` prop. @ http://localhost:3000/_next/static/chunks/9e883_next_dist_4c1928ef._.js:2287
[    8010ms] [WARNING] <Item> with non-plain text contents is unsupported by type to select for accessibility. Please add a `textValue` prop. @ http://localhost:3000/_next/static/chunks/9e883_next_dist_4c1928ef._.js:2287
[   36039ms] [WARNING] If you do not provide a visible label, you must specify an aria-label or aria-labelledby attribute for accessibility @ http://localhost:3000/_next/static/chunks/9e883_next_dist_4c1928ef._.js:2287
[   36040ms] [WARNING] If you do not provide a visible label, you must specify an aria-label or aria-labelledby attribute for accessibility @ http://localhost:3000/_next/static/chunks/9e883_next_dist_4c1928ef._.js:2287
[   36047ms] [WARNING] If you do not provide a visible label, you must specify an aria-label or aria-labelledby attribute for accessibility @ http://localhost:3000/_next/static/chunks/9e883_next_dist_4c1928ef._.js:2287
[   36048ms] [WARNING] If you do not provide a visible label, you must specify an aria-label or aria-labelledby attribute for accessibility @ http://localhost:3000/_next/static/chunks/9e883_next_dist_4c1928ef._.js:2287
[   36054ms] [WARNING] If you do not provide a visible label, you must specify an aria-label or aria-labelledby attribute for accessibility @ http://localhost:3000/_next/static/chunks/9e883_next_dist_4c1928ef._.js:2287
[   36055ms] [WARNING] If you do not provide a visible label, you must specify an aria-label or aria-labelledby attribute for accessibility @ http://localhost:3000/_next/static/chunks/9e883_next_dist_4c1928ef._.js:2287
[   36065ms] [WARNING] If you do not provide a visible label, you must specify an aria-label or aria-labelledby attribute for accessibility @ http://localhost:3000/_next/static/chunks/9e883_next_dist_4c1928ef._.js:2287
[   36066ms] [WARNING] If you do not provide a visible label, you must specify an aria-label or aria-labelledby attribute for accessibility @ http://localhost:3000/_next/static/chunks/9e883_next_dist_4c1928ef._.js:2287
[   36074ms] [WARNING] If you do not provide a visible label, you must specify an aria-label or aria-labelledby attribute for accessibility @ http://localhost:3000/_next/static/chunks/9e883_next_dist_4c1928ef._.js:2287
[   36074ms] [WARNING] If you do not provide a visible label, you must specify an aria-label or aria-labelledby attribute for accessibility @ http://localhost:3000/_next/static/chunks/9e883_next_dist_4c1928ef._.js:2287
[   36080ms] [WARNING] If you do not provide a visible label, you must specify an aria-label or aria-labelledby attribute for accessibility @ http://localhost:3000/_next/static/chunks/9e883_next_dist_4c1928ef._.js:2287
[   36081ms] [WARNING] If you do not provide a visible label, you must specify an aria-label or aria-labelledby attribute for accessibility @ http://localhost:3000/_next/static/chunks/9e883_next_dist_4c1928ef._.js:2287
[   36121ms] [WARNING] If you do not provide a visible label, you must specify an aria-label or aria-labelledby attribute for accessibility @ http://localhost:3000/_next/static/chunks/9e883_next_dist_4c1928ef._.js:2287
[   36122ms] [WARNING] If you do not provide a visible label, you must specify an aria-label or aria-labelledby attribute for accessibility @ http://localhost:3000/_next/static/chunks/9e883_next_dist_4c1928ef._.js:2287
[   36128ms] [WARNING] If you do not provide a visible label, you must specify an aria-label or aria-labelledby attribute for accessibility @ http://localhost:3000/_next/static/chunks/9e883_next_dist_4c1928ef._.js:2287
[   36128ms] [WARNING] If you do not provide a visible label, you must specify an aria-label or aria-labelledby attribute for accessibility @ http://localhost:3000/_next/static/chunks/9e883_next_dist_4c1928ef._.js:2287
[   36134ms] [WARNING] If you do not provide a visible label, you must specify an aria-label or aria-labelledby attribute for accessibility @ http://localhost:3000/_next/static/chunks/9e883_next_dist_4c1928ef._.js:2287
[   36135ms] [WARNING] If you do not provide a visible label, you must specify an aria-label or aria-labelledby attribute for accessibility @ http://localhost:3000/_next/static/chunks/9e883_next_dist_4c1928ef._.js:2287
[   36141ms] [WARNING] If you do not provide a visible label, you must specify an aria-label or aria-labelledby attribute for accessibility @ http://localhost:3000/_next/static/chunks/9e883_next_dist_4c1928ef._.js:2287
[   36142ms] [WARNING] If you do not provide a visible label, you must specify an aria-label or aria-labelledby attribute for accessibility @ http://localhost:3000/_next/static/chunks/9e883_next_dist_4c1928ef._.js:2287
[   36149ms] [WARNING] If you do not provide a visible label, you must specify an aria-label or aria-labelledby attribute for accessibility @ http://localhost:3000/_next/static/chunks/9e883_next_dist_4c1928ef._.js:2287
[   36150ms] [WARNING] If you do not provide a visible label, you must specify an aria-label or aria-labelledby attribute for accessibility @ http://localhost:3000/_next/static/chunks/9e883_next_dist_4c1928ef._.js:2287
[   36155ms] [WARNING] If you do not provide a visible label, you must specify an aria-label or aria-labelledby attribute for accessibility @ http://localhost:3000/_next/static/chunks/9e883_next_dist_4c1928ef._.js:2287
[   36156ms] [WARNING] If you do not provide a visible label, you must specify an aria-label or aria-labelledby attribute for accessibility @ http://localhost:3000/_next/static/chunks/9e883_next_dist_4c1928ef._.js:2287
[   36367ms] [WARNING] If you do not provide a visible label, you must specify an aria-label or aria-labelledby attribute for accessibility @ http://localhost:3000/_next/static/chunks/9e883_next_dist_4c1928ef._.js:2287
[   36368ms] [WARNING] If you do not provide a visible label, you must specify an aria-label or aria-labelledby attribute for accessibility @ http://localhost:3000/_next/static/chunks/9e883_next_dist_4c1928ef._.js:2287
[   36369ms] [WARNING] If you do not provide a visible label, you must specify an aria-label or aria-labelledby attribute for accessibility @ http://localhost:3000/_next/static/chunks/9e883_next_dist_4c1928ef._.js:2287
[   36369ms] [WARNING] If you do not provide a visible label, you must specify an aria-label or aria-labelledby attribute for accessibility @ http://localhost:3000/_next/static/chunks/9e883_next_dist_4c1928ef._.js:2287
[   36370ms] [WARNING] If you do not provide a visible label, you must specify an aria-label or aria-labelledby attribute for accessibility @ http://localhost:3000/_next/static/chunks/9e883_next_dist_4c1928ef._.js:2287
[   36371ms] [WARNING] If you do not provide a visible label, you must specify an aria-label or aria-labelledby attribute for accessibility @ http://localhost:3000/_next/static/chunks/9e883_next_dist_4c1928ef._.js:2287
[   36371ms] [WARNING] If you do not provide a visible label, you must specify an aria-label or aria-labelledby attribute for accessibility @ http://localhost:3000/_next/static/chunks/9e883_next_dist_4c1928ef._.js:2287
[   36372ms] [WARNING] If you do not provide a visible label, you must specify an aria-label or aria-labelledby attribute for accessibility @ http://localhost:3000/_next/static/chunks/9e883_next_dist_4c1928ef._.js:2287
[   36373ms] [WARNING] If you do not provide a visible label, you must specify an aria-label or aria-labelledby attribute for accessibility @ http://localhost:3000/_next/static/chunks/9e883_next_dist_4c1928ef._.js:2287
[   36373ms] [WARNING] If you do not provide a visible label, you must specify an aria-label or aria-labelledby attribute for accessibility @ http://localhost:3000/_next/static/chunks/9e883_next_dist_4c1928ef._.js:2287
[   36374ms] [WARNING] If you do not provide a visible label, you must specify an aria-label or aria-labelledby attribute for accessibility @ http://localhost:3000/_next/static/chunks/9e883_next_dist_4c1928ef._.js:2287
[   36375ms] [WARNING] If you do not provide a visible label, you must specify an aria-label or aria-labelledby attribute for accessibility @ http://localhost:3000/_next/static/chunks/9e883_next_dist_4c1928ef._.js:2287
[   37080ms] [WARNING] <Item> with non-plain text contents is unsupported by type to select for accessibility. Please add a `textValue` prop. @ http://localhost:3000/_next/static/chunks/9e883_next_dist_4c1928ef._.js:2287
[   37081ms] [WARNING] <Item> with non-plain text contents is unsupported by type to select for accessibility. Please add a `textValue` prop. @ http://localhost:3000/_next/static/chunks/9e883_next_dist_4c1928ef._.js:2287
[   37081ms] [WARNING] <Item> with non-plain text contents is unsupported by type to select for accessibility. Please add a `textValue` prop. @ http://localhost:3000/_next/static/chunks/9e883_next_dist_4c1928ef._.js:2287
[   37081ms] [WARNING] <Item> with non-plain text contents is unsupported by type to select for accessibility. Please add a `textValue` prop. @ http://localhost:3000/_next/static/chunks/9e883_next_dist_4c1928ef._.js:2287
[   37081ms] [WARNING] <Item> with non-plain text contents is unsupported by type to select for accessibility. Please add a `textValue` prop. @ http://localhost:3000/_next/static/chunks/9e883_next_dist_4c1928ef._.js:2287
[   37082ms] [WARNING] <Item> with non-plain text contents is unsupported by type to select for accessibility. Please add a `textValue` prop. @ http://localhost:3000/_next/static/chunks/9e883_next_dist_4c1928ef._.js:2287
[   37082ms] [WARNING] <Item> with non-plain text contents is unsupported by type to select for accessibility. Please add a `textValue` prop. @ http://localhost:3000/_next/static/chunks/9e883_next_dist_4c1928ef._.js:2287
[   37082ms] [WARNING] <Item> with non-plain text contents is unsupported by type to select for accessibility. Please add a `textValue` prop. @ http://localhost:3000/_next/static/chunks/9e883_next_dist_4c1928ef._.js:2287
[   37082ms] [WARNING] <Item> with non-plain text contents is unsupported by type to select for accessibility. Please add a `textValue` prop. @ http://localhost:3000/_next/static/chunks/9e883_next_dist_4c1928ef._.js:2287
[   37083ms] [WARNING] <Item> with non-plain text contents is unsupported by type to select for accessibility. Please add a `textValue` prop. @ http://localhost:3000/_next/static/chunks/9e883_next_dist_4c1928ef._.js:2287
[   37083ms] [WARNING] <Item> with non-plain text contents is unsupported by type to select for accessibility. Please add a `textValue` prop. @ http://localhost:3000/_next/static/chunks/9e883_next_dist_4c1928ef._.js:2287
[   37083ms] [WARNING] <Item> with non-plain text contents is unsupported by type to select for accessibility. Please add a `textValue` prop. @ http://localhost:3000/_next/static/chunks/9e883_next_dist_4c1928ef._.js:2287
[   45217ms] [WARNING] If you do not provide a visible label, you must specify an aria-label or aria-labelledby attribute for accessibility @ http://localhost:3000/_next/static/chunks/9e883_next_dist_4c1928ef._.js:2287
[   45219ms] [WARNING] If you do not provide a visible label, you must specify an aria-label or aria-labelledby attribute for accessibility @ http://localhost:3000/_next/static/chunks/9e883_next_dist_4c1928ef._.js:2287
[   45225ms] [WARNING] If you do not provide a visible label, you must specify an aria-label or aria-labelledby attribute for accessibility @ http://localhost:3000/_next/static/chunks/9e883_next_dist_4c1928ef._.js:2287
[   45226ms] [WARNING] If you do not provide a visible label, you must specify an aria-label or aria-labelledby attribute for accessibility @ http://localhost:3000/_next/static/chunks/9e883_next_dist_4c1928ef._.js:2287
[   45232ms] [WARNING] If you do not provide a visible label, you must specify an aria-label or aria-labelledby attribute for accessibility @ http://localhost:3000/_next/static/chunks/9e883_next_dist_4c1928ef._.js:2287
[   45232ms] [WARNING] If you do not provide a visible label, you must specify an aria-label or aria-labelledby attribute for accessibility @ http://localhost:3000/_next/static/chunks/9e883_next_dist_4c1928ef._.js:2287
[   45239ms] [WARNING] If you do not provide a visible label, you must specify an aria-label or aria-labelledby attribute for accessibility @ http://localhost:3000/_next/static/chunks/9e883_next_dist_4c1928ef._.js:2287
[   45239ms] [WARNING] If you do not provide a visible label, you must specify an aria-label or aria-labelledby attribute for accessibility @ http://localhost:3000/_next/static/chunks/9e883_next_dist_4c1928ef._.js:2287
[   45247ms] [WARNING] If you do not provide a visible label, you must specify an aria-label or aria-labelledby attribute for accessibility @ http://localhost:3000/_next/static/chunks/9e883_next_dist_4c1928ef._.js:2287
[   45248ms] [WARNING] If you do not provide a visible label, you must specify an aria-label or aria-labelledby attribute for accessibility @ http://localhost:3000/_next/static/chunks/9e883_next_dist_4c1928ef._.js:2287
[   45253ms] [WARNING] If you do not provide a visible label, you must specify an aria-label or aria-labelledby attribute for accessibility @ http://localhost:3000/_next/static/chunks/9e883_next_dist_4c1928ef._.js:2287
[   45254ms] [WARNING] If you do not provide a visible label, you must specify an aria-label or aria-labelledby attribute for accessibility @ http://localhost:3000/_next/static/chunks/9e883_next_dist_4c1928ef._.js:2287
[   45292ms] [WARNING] If you do not provide a visible label, you must specify an aria-label or aria-labelledby attribute for accessibility @ http://localhost:3000/_next/static/chunks/9e883_next_dist_4c1928ef._.js:2287
[   45293ms] [WARNING] If you do not provide a visible label, you must specify an aria-label or aria-labelledby attribute for accessibility @ http://localhost:3000/_next/static/chunks/9e883_next_dist_4c1928ef._.js:2287
[   45298ms] [WARNING] If you do not provide a visible label, you must specify an aria-label or aria-labelledby attribute for accessibility @ http://localhost:3000/_next/static/chunks/9e883_next_dist_4c1928ef._.js:2287
[   45299ms] [WARNING] If you do not provide a visible label, you must specify an aria-label or aria-labelledby attribute for accessibility @ http://localhost:3000/_next/static/chunks/9e883_next_dist_4c1928ef._.js:2287
[   45304ms] [WARNING] If you do not provide a visible label, you must specify an aria-label or aria-labelledby attribute for accessibility @ http://localhost:3000/_next/static/chunks/9e883_next_dist_4c1928ef._.js:2287
[   45305ms] [WARNING] If you do not provide a visible label, you must specify an aria-label or aria-labelledby attribute for accessibility @ http://localhost:3000/_next/static/chunks/9e883_next_dist_4c1928ef._.js:2287
[   45339ms] [WARNING] If you do not provide a visible label, you must specify an aria-label or aria-labelledby attribute for accessibility @ http://localhost:3000/_next/static/chunks/9e883_next_dist_4c1928ef._.js:2287
[   45339ms] [WARNING] If you do not provide a visible label, you must specify an aria-label or aria-labelledby attribute for accessibility @ http://localhost:3000/_next/static/chunks/9e883_next_dist_4c1928ef._.js:2287
[   45355ms] [WARNING] If you do not provide a visible label, you must specify an aria-label or aria-labelledby attribute for accessibility @ http://localhost:3000/_next/static/chunks/9e883_next_dist_4c1928ef._.js:2287
[   45356ms] [WARNING] If you do not provide a visible label, you must specify an aria-label or aria-labelledby attribute for accessibility @ http://localhost:3000/_next/static/chunks/9e883_next_dist_4c1928ef._.js:2287
[   45361ms] [WARNING] If you do not provide a visible label, you must specify an aria-label or aria-labelledby attribute for accessibility @ http://localhost:3000/_next/static/chunks/9e883_next_dist_4c1928ef._.js:2287
[   45362ms] [WARNING] If you do not provide a visible label, you must specify an aria-label or aria-labelledby attribute for accessibility @ http://localhost:3000/_next/static/chunks/9e883_next_dist_4c1928ef._.js:2287
[   45701ms] [WARNING] If you do not provide a visible label, you must specify an aria-label or aria-labelledby attribute for accessibility @ http://localhost:3000/_next/static/chunks/9e883_next_dist_4c1928ef._.js:2287
[   45705ms] [WARNING] If you do not provide a visible label, you must specify an aria-label or aria-labelledby attribute for accessibility @ http://localhost:3000/_next/static/chunks/9e883_next_dist_4c1928ef._.js:2287
[   45706ms] [WARNING] If you do not provide a visible label, you must specify an aria-label or aria-labelledby attribute for accessibility @ http://localhost:3000/_next/static/chunks/9e883_next_dist_4c1928ef._.js:2287
[   45708ms] [WARNING] If you do not provide a visible label, you must specify an aria-label or aria-labelledby attribute for accessibility @ http://localhost:3000/_next/static/chunks/9e883_next_dist_4c1928ef._.js:2287
[   45710ms] [WARNING] If you do not provide a visible label, you must specify an aria-label or aria-labelledby attribute for accessibility @ http://localhost:3000/_next/static/chunks/9e883_next_dist_4c1928ef._.js:2287
[   45712ms] [WARNING] If you do not provide a visible label, you must specify an aria-label or aria-labelledby attribute for accessibility @ http://localhost:3000/_next/static/chunks/9e883_next_dist_4c1928ef._.js:2287
[   45716ms] [WARNING] If you do not provide a visible label, you must specify an aria-label or aria-labelledby attribute for accessibility @ http://localhost:3000/_next/static/chunks/9e883_next_dist_4c1928ef._.js:2287
[   45719ms] [WARNING] If you do not provide a visible label, you must specify an aria-label or aria-labelledby attribute for accessibility @ http://localhost:3000/_next/static/chunks/9e883_next_dist_4c1928ef._.js:2287
[   45721ms] [WARNING] If you do not provide a visible label, you must specify an aria-label or aria-labelledby attribute for accessibility @ http://localhost:3000/_next/static/chunks/9e883_next_dist_4c1928ef._.js:2287
[   45726ms] [WARNING] If you do not provide a visible label, you must specify an aria-label or aria-labelledby attribute for accessibility @ http://localhost:3000/_next/static/chunks/9e883_next_dist_4c1928ef._.js:2287
[   45729ms] [WARNING] If you do not provide a visible label, you must specify an aria-label or aria-labelledby attribute for accessibility @ http://localhost:3000/_next/static/chunks/9e883_next_dist_4c1928ef._.js:2287
[   45730ms] [WARNING] If you do not provide a visible label, you must specify an aria-label or aria-labelledby attribute for accessibility @ http://localhost:3000/_next/static/chunks/9e883_next_dist_4c1928ef._.js:2287
[   46220ms] [WARNING] <Item> with non-plain text contents is unsupported by type to select for accessibility. Please add a `textValue` prop. @ http://localhost:3000/_next/static/chunks/9e883_next_dist_4c1928ef._.js:2287
[   46220ms] [WARNING] <Item> with non-plain text contents is unsupported by type to select for accessibility. Please add a `textValue` prop. @ http://localhost:3000/_next/static/chunks/9e883_next_dist_4c1928ef._.js:2287
[   46221ms] [WARNING] <Item> with non-plain text contents is unsupported by type to select for accessibility. Please add a `textValue` prop. @ http://localhost:3000/_next/static/chunks/9e883_next_dist_4c1928ef._.js:2287
[   46221ms] [WARNING] <Item> with non-plain text contents is unsupported by type to select for accessibility. Please add a `textValue` prop. @ http://localhost:3000/_next/static/chunks/9e883_next_dist_4c1928ef._.js:2287
[   46221ms] [WARNING] <Item> with non-plain text contents is unsupported by type to select for accessibility. Please add a `textValue` prop. @ http://localhost:3000/_next/static/chunks/9e883_next_dist_4c1928ef._.js:2287
[   46221ms] [WARNING] <Item> with non-plain text contents is unsupported by type to select for accessibility. Please add a `textValue` prop. @ http://localhost:3000/_next/static/chunks/9e883_next_dist_4c1928ef._.js:2287
[   46222ms] [WARNING] <Item> with non-plain text contents is unsupported by type to select for accessibility. Please add a `textValue` prop. @ http://localhost:3000/_next/static/chunks/9e883_next_dist_4c1928ef._.js:2287
[   46222ms] [WARNING] <Item> with non-plain text contents is unsupported by type to select for accessibility. Please add a `textValue` prop. @ http://localhost:3000/_next/static/chunks/9e883_next_dist_4c1928ef._.js:2287
[   46222ms] [WARNING] <Item> with non-plain text contents is unsupported by type to select for accessibility. Please add a `textValue` prop. @ http://localhost:3000/_next/static/chunks/9e883_next_dist_4c1928ef._.js:2287
[   46222ms] [WARNING] <Item> with non-plain text contents is unsupported by type to select for accessibility. Please add a `textValue` prop. @ http://localhost:3000/_next/static/chunks/9e883_next_dist_4c1928ef._.js:2287
[   46223ms] [WARNING] <Item> with non-plain text contents is unsupported by type to select for accessibility. Please add a `textValue` prop. @ http://localhost:3000/_next/static/chunks/9e883_next_dist_4c1928ef._.js:2287
[   46225ms] [WARNING] <Item> with non-plain text contents is unsupported by type to select for accessibility. Please add a `textValue` prop. @ http://localhost:3000/_next/static/chunks/9e883_next_dist_4c1928ef._.js:2287
[   54970ms] [WARNING] If you do not provide a visible label, you must specify an aria-label or aria-labelledby attribute for accessibility @ http://localhost:3000/_next/static/chunks/9e883_next_dist_4c1928ef._.js:2287
[   54972ms] [WARNING] If you do not provide a visible label, you must specify an aria-label or aria-labelledby attribute for accessibility @ http://localhost:3000/_next/static/chunks/9e883_next_dist_4c1928ef._.js:2287
[   54980ms] [WARNING] If you do not provide a visible label, you must specify an aria-label or aria-labelledby attribute for accessibility @ http://localhost:3000/_next/static/chunks/9e883_next_dist_4c1928ef._.js:2287
[   54981ms] [WARNING] If you do not provide a visible label, you must specify an aria-label or aria-labelledby attribute for accessibility @ http://localhost:3000/_next/static/chunks/9e883_next_dist_4c1928ef._.js:2287
[   54992ms] [WARNING] If you do not provide a visible label, you must specify an aria-label or aria-labelledby attribute for accessibility @ http://localhost:3000/_next/static/chunks/9e883_next_dist_4c1928ef._.js:2287
[   54993ms] [WARNING] If you do not provide a visible label, you must specify an aria-label or aria-labelledby attribute for accessibility @ http://localhost:3000/_next/static/chunks/9e883_next_dist_4c1928ef._.js:2287
[   55001ms] [WARNING] If you do not provide a visible label, you must specify an aria-label or aria-labelledby attribute for accessibility @ http://localhost:3000/_next/static/chunks/9e883_next_dist_4c1928ef._.js:2287
[   55002ms] [WARNING] If you do not provide a visible label, you must specify an aria-label or aria-labelledby attribute for accessibility @ http://localhost:3000/_next/static/chunks/9e883_next_dist_4c1928ef._.js:2287
[   55046ms] [WARNING] If you do not provide a visible label, you must specify an aria-label or aria-labelledby attribute for accessibility @ http://localhost:3000/_next/static/chunks/9e883_next_dist_4c1928ef._.js:2287
[   55049ms] [WARNING] If you do not provide a visible label, you must specify an aria-label or aria-labelledby attribute for accessibility @ http://localhost:3000/_next/static/chunks/9e883_next_dist_4c1928ef._.js:2287
[   55059ms] [WARNING] If you do not provide a visible label, you must specify an aria-label or aria-labelledby attribute for accessibility @ http://localhost:3000/_next/static/chunks/9e883_next_dist_4c1928ef._.js:2287
[   55060ms] [WARNING] If you do not provide a visible label, you must specify an aria-label or aria-labelledby attribute for accessibility @ http://localhost:3000/_next/static/chunks/9e883_next_dist_4c1928ef._.js:2287
[   55104ms] [WARNING] If you do not provide a visible label, you must specify an aria-label or aria-labelledby attribute for accessibility @ http://localhost:3000/_next/static/chunks/9e883_next_dist_4c1928ef._.js:2287
[   55105ms] [WARNING] If you do not provide a visible label, you must specify an aria-label or aria-labelledby attribute for accessibility @ http://localhost:3000/_next/static/chunks/9e883_next_dist_4c1928ef._.js:2287
[   55111ms] [WARNING] If you do not provide a visible label, you must specify an aria-label or aria-labelledby attribute for accessibility @ http://localhost:3000/_next/static/chunks/9e883_next_dist_4c1928ef._.js:2287
[   55111ms] [WARNING] If you do not provide a visible label, you must specify an aria-label or aria-labelledby attribute for accessibility @ http://localhost:3000/_next/static/chunks/9e883_next_dist_4c1928ef._.js:2287
[   55118ms] [WARNING] If you do not provide a visible label, you must specify an aria-label or aria-labelledby attribute for accessibility @ http://localhost:3000/_next/static/chunks/9e883_next_dist_4c1928ef._.js:2287
[   55118ms] [WARNING] If you do not provide a visible label, you must specify an aria-label or aria-labelledby attribute for accessibility @ http://localhost:3000/_next/static/chunks/9e883_next_dist_4c1928ef._.js:2287
[   55125ms] [WARNING] If you do not provide a visible label, you must specify an aria-label or aria-labelledby attribute for accessibility @ http://localhost:3000/_next/static/chunks/9e883_next_dist_4c1928ef._.js:2287
[   55126ms] [WARNING] If you do not provide a visible label, you must specify an aria-label or aria-labelledby attribute for accessibility @ http://localhost:3000/_next/static/chunks/9e883_next_dist_4c1928ef._.js:2287
[   55134ms] [WARNING] If you do not provide a visible label, you must specify an aria-label or aria-labelledby attribute for accessibility @ http://localhost:3000/_next/static/chunks/9e883_next_dist_4c1928ef._.js:2287
[   55135ms] [WARNING] If you do not provide a visible label, you must specify an aria-label or aria-labelledby attribute for accessibility @ http://localhost:3000/_next/static/chunks/9e883_next_dist_4c1928ef._.js:2287
[   55140ms] [WARNING] If you do not provide a visible label, you must specify an aria-label or aria-labelledby attribute for accessibility @ http://localhost:3000/_next/static/chunks/9e883_next_dist_4c1928ef._.js:2287
[   55140ms] [WARNING] If you do not provide a visible label, you must specify an aria-label or aria-labelledby attribute for accessibility @ http://localhost:3000/_next/static/chunks/9e883_next_dist_4c1928ef._.js:2287
[   55316ms] [WARNING] If you do not provide a visible label, you must specify an aria-label or aria-labelledby attribute for accessibility @ http://localhost:3000/_next/static/chunks/9e883_next_dist_4c1928ef._.js:2287
[   55317ms] [WARNING] If you do not provide a visible label, you must specify an aria-label or aria-labelledby attribute for accessibility @ http://localhost:3000/_next/static/chunks/9e883_next_dist_4c1928ef._.js:2287
[   55318ms] [WARNING] If you do not provide a visible label, you must specify an aria-label or aria-labelledby attribute for accessibility @ http://localhost:3000/_next/static/chunks/9e883_next_dist_4c1928ef._.js:2287
[   55318ms] [WARNING] If you do not provide a visible label, you must specify an aria-label or aria-labelledby attribute for accessibility @ http://localhost:3000/_next/static/chunks/9e883_next_dist_4c1928ef._.js:2287
[   55319ms] [WARNING] If you do not provide a visible label, you must specify an aria-label or aria-labelledby attribute for accessibility @ http://localhost:3000/_next/static/chunks/9e883_next_dist_4c1928ef._.js:2287
[   55319ms] [WARNING] If you do not provide a visible label, you must specify an aria-label or aria-labelledby attribute for accessibility @ http://localhost:3000/_next/static/chunks/9e883_next_dist_4c1928ef._.js:2287
[   55320ms] [WARNING] If you do not provide a visible label, you must specify an aria-label or aria-labelledby attribute for accessibility @ http://localhost:3000/_next/static/chunks/9e883_next_dist_4c1928ef._.js:2287
[   55320ms] [WARNING] If you do not provide a visible label, you must specify an aria-label or aria-labelledby attribute for accessibility @ http://localhost:3000/_next/static/chunks/9e883_next_dist_4c1928ef._.js:2287
[   55321ms] [WARNING] If you do not provide a visible label, you must specify an aria-label or aria-labelledby attribute for accessibility @ http://localhost:3000/_next/static/chunks/9e883_next_dist_4c1928ef._.js:2287
[   55321ms] [WARNING] If you do not provide a visible label, you must specify an aria-label or aria-labelledby attribute for accessibility @ http://localhost:3000/_next/static/chunks/9e883_next_dist_4c1928ef._.js:2287
[   55322ms] [WARNING] If you do not provide a visible label, you must specify an aria-label or aria-labelledby attribute for accessibility @ http://localhost:3000/_next/static/chunks/9e883_next_dist_4c1928ef._.js:2287
[   55323ms] [WARNING] If you do not provide a visible label, you must specify an aria-label or aria-labelledby attribute for accessibility @ http://localhost:3000/_next/static/chunks/9e883_next_dist_4c1928ef._.js:2287
[   55980ms] [WARNING] <Item> with non-plain text contents is unsupported by type to select for accessibility. Please add a `textValue` prop. @ http://localhost:3000/_next/static/chunks/9e883_next_dist_4c1928ef._.js:2287
[   55981ms] [WARNING] <Item> with non-plain text contents is unsupported by type to select for accessibility. Please add a `textValue` prop. @ http://localhost:3000/_next/static/chunks/9e883_next_dist_4c1928ef._.js:2287
[   55981ms] [WARNING] <Item> with non-plain text contents is unsupported by type to select for accessibility. Please add a `textValue` prop. @ http://localhost:3000/_next/static/chunks/9e883_next_dist_4c1928ef._.js:2287
[   55981ms] [WARNING] <Item> with non-plain text contents is unsupported by type to select for accessibility. Please add a `textValue` prop. @ http://localhost:3000/_next/static/chunks/9e883_next_dist_4c1928ef._.js:2287
[   55981ms] [WARNING] <Item> with non-plain text contents is unsupported by type to select for accessibility. Please add a `textValue` prop. @ http://localhost:3000/_next/static/chunks/9e883_next_dist_4c1928ef._.js:2287
[   55982ms] [WARNING] <Item> with non-plain text contents is unsupported by type to select for accessibility. Please add a `textValue` prop. @ http://localhost:3000/_next/static/chunks/9e883_next_dist_4c1928ef._.js:2287
[   55982ms] [WARNING] <Item> with non-plain text contents is unsupported by type to select for accessibility. Please add a `textValue` prop. @ http://localhost:3000/_next/static/chunks/9e883_next_dist_4c1928ef._.js:2287
[   55982ms] [WARNING] <Item> with non-plain text contents is unsupported by type to select for accessibility. Please add a `textValue` prop. @ http://localhost:3000/_next/static/chunks/9e883_next_dist_4c1928ef._.js:2287
[   55982ms] [WARNING] <Item> with non-plain text contents is unsupported by type to select for accessibility. Please add a `textValue` prop. @ http://localhost:3000/_next/static/chunks/9e883_next_dist_4c1928ef._.js:2287
[   55982ms] [WARNING] <Item> with non-plain text contents is unsupported by type to select for accessibility. Please add a `textValue` prop. @ http://localhost:3000/_next/static/chunks/9e883_next_dist_4c1928ef._.js:2287
[   55983ms] [WARNING] <Item> with non-plain text contents is unsupported by type to select for accessibility. Please add a `textValue` prop. @ http://localhost:3000/_next/static/chunks/9e883_next_dist_4c1928ef._.js:2287
[   55983ms] [WARNING] <Item> with non-plain text contents is unsupported by type to select for accessibility. Please add a `textValue` prop. @ http://localhost:3000/_next/static/chunks/9e883_next_dist_4c1928ef._.js:2287
[   64733ms] [WARNING] If you do not provide a visible label, you must specify an aria-label or aria-labelledby attribute for accessibility @ http://localhost:3000/_next/static/chunks/9e883_next_dist_4c1928ef._.js:2287
[   64737ms] [WARNING] If you do not provide a visible label, you must specify an aria-label or aria-labelledby attribute for accessibility @ http://localhost:3000/_next/static/chunks/9e883_next_dist_4c1928ef._.js:2287
[   64747ms] [WARNING] If you do not provide a visible label, you must specify an aria-label or aria-labelledby attribute for accessibility @ http://localhost:3000/_next/static/chunks/9e883_next_dist_4c1928ef._.js:2287
[   64748ms] [WARNING] If you do not provide a visible label, you must specify an aria-label or aria-labelledby attribute for accessibility @ http://localhost:3000/_next/static/chunks/9e883_next_dist_4c1928ef._.js:2287
[   64755ms] [WARNING] If you do not provide a visible label, you must specify an aria-label or aria-labelledby attribute for accessibility @ http://localhost:3000/_next/static/chunks/9e883_next_dist_4c1928ef._.js:2287
[   64820ms] [WARNING] If you do not provide a visible label, you must specify an aria-label or aria-labelledby attribute for accessibility @ http://localhost:3000/_next/static/chunks/9e883_next_dist_4c1928ef._.js:2287
[   64829ms] [WARNING] If you do not provide a visible label, you must specify an aria-label or aria-labelledby attribute for accessibility @ http://localhost:3000/_next/static/chunks/9e883_next_dist_4c1928ef._.js:2287
[   64829ms] [WARNING] If you do not provide a visible label, you must specify an aria-label or aria-labelledby attribute for accessibility @ http://localhost:3000/_next/static/chunks/9e883_next_dist_4c1928ef._.js:2287
[   64841ms] [WARNING] If you do not provide a visible label, you must specify an aria-label or aria-labelledby attribute for accessibility @ http://localhost:3000/_next/static/chunks/9e883_next_dist_4c1928ef._.js:2287
[   64842ms] [WARNING] If you do not provide a visible label, you must specify an aria-label or aria-labelledby attribute for accessibility @ http://localhost:3000/_next/static/chunks/9e883_next_dist_4c1928ef._.js:2287
[   64919ms] [WARNING] If you do not provide a visible label, you must specify an aria-label or aria-labelledby attribute for accessibility @ http://localhost:3000/_next/static/chunks/9e883_next_dist_4c1928ef._.js:2287
[   64921ms] [WARNING] If you do not provide a visible label, you must specify an aria-label or aria-labelledby attribute for accessibility @ http://localhost:3000/_next/static/chunks/9e883_next_dist_4c1928ef._.js:2287
[   64991ms] [WARNING] If you do not provide a visible label, you must specify an aria-label or aria-labelledby attribute for accessibility @ http://localhost:3000/_next/static/chunks/9e883_next_dist_4c1928ef._.js:2287
[   64991ms] [WARNING] If you do not provide a visible label, you must specify an aria-label or aria-labelledby attribute for accessibility @ http://localhost:3000/_next/static/chunks/9e883_next_dist_4c1928ef._.js:2287
[   64998ms] [WARNING] If you do not provide a visible label, you must specify an aria-label or aria-labelledby attribute for accessibility @ http://localhost:3000/_next/static/chunks/9e883_next_dist_4c1928ef._.js:2287
[   64999ms] [WARNING] If you do not provide a visible label, you must specify an aria-label or aria-labelledby attribute for accessibility @ http://localhost:3000/_next/static/chunks/9e883_next_dist_4c1928ef._.js:2287
[   65006ms] [WARNING] If you do not provide a visible label, you must specify an aria-label or aria-labelledby attribute for accessibility @ http://localhost:3000/_next/static/chunks/9e883_next_dist_4c1928ef._.js:2287
[   65060ms] [WARNING] If you do not provide a visible label, you must specify an aria-label or aria-labelledby attribute for accessibility @ http://localhost:3000/_next/static/chunks/9e883_next_dist_4c1928ef._.js:2287
[   65076ms] [WARNING] If you do not provide a visible label, you must specify an aria-label or aria-labelledby attribute for accessibility @ http://localhost:3000/_next/static/chunks/9e883_next_dist_4c1928ef._.js:2287
[   65078ms] [WARNING] If you do not provide a visible label, you must specify an aria-label or aria-labelledby attribute for accessibility @ http://localhost:3000/_next/static/chunks/9e883_next_dist_4c1928ef._.js:2287
[   65092ms] [WARNING] If you do not provide a visible label, you must specify an aria-label or aria-labelledby attribute for accessibility @ http://localhost:3000/_next/static/chunks/9e883_next_dist_4c1928ef._.js:2287
[   65093ms] [WARNING] If you do not provide a visible label, you must specify an aria-label or aria-labelledby attribute for accessibility @ http://localhost:3000/_next/static/chunks/9e883_next_dist_4c1928ef._.js:2287
[   65101ms] [WARNING] If you do not provide a visible label, you must specify an aria-label or aria-labelledby attribute for accessibility @ http://localhost:3000/_next/static/chunks/9e883_next_dist_4c1928ef._.js:2287
[   65106ms] [WARNING] If you do not provide a visible label, you must specify an aria-label or aria-labelledby attribute for accessibility @ http://localhost:3000/_next/static/chunks/9e883_next_dist_4c1928ef._.js:2287
[   65318ms] [WARNING] If you do not provide a visible label, you must specify an aria-label or aria-labelledby attribute for accessibility @ http://localhost:3000/_next/static/chunks/9e883_next_dist_4c1928ef._.js:2287
[   65319ms] [WARNING] If you do not provide a visible label, you must specify an aria-label or aria-labelledby attribute for accessibility @ http://localhost:3000/_next/static/chunks/9e883_next_dist_4c1928ef._.js:2287
[   65320ms] [WARNING] If you do not provide a visible label, you must specify an aria-label or aria-labelledby attribute for accessibility @ http://localhost:3000/_next/static/chunks/9e883_next_dist_4c1928ef._.js:2287
[   65320ms] [WARNING] If you do not provide a visible label, you must specify an aria-label or aria-labelledby attribute for accessibility @ http://localhost:3000/_next/static/chunks/9e883_next_dist_4c1928ef._.js:2287
[   65321ms] [WARNING] If you do not provide a visible label, you must specify an aria-label or aria-labelledby attribute for accessibility @ http://localhost:3000/_next/static/chunks/9e883_next_dist_4c1928ef._.js:2287
[   65322ms] [WARNING] If you do not provide a visible label, you must specify an aria-label or aria-labelledby attribute for accessibility @ http://localhost:3000/_next/static/chunks/9e883_next_dist_4c1928ef._.js:2287
[   65322ms] [WARNING] If you do not provide a visible label, you must specify an aria-label or aria-labelledby attribute for accessibility @ http://localhost:3000/_next/static/chunks/9e883_next_dist_4c1928ef._.js:2287
[   65323ms] [WARNING] If you do not provide a visible label, you must specify an aria-label or aria-labelledby attribute for accessibility @ http://localhost:3000/_next/static/chunks/9e883_next_dist_4c1928ef._.js:2287
[   65323ms] [WARNING] If you do not provide a visible label, you must specify an aria-label or aria-labelledby attribute for accessibility @ http://localhost:3000/_next/static/chunks/9e883_next_dist_4c1928ef._.js:2287
[   65324ms] [WARNING] If you do not provide a visible label, you must specify an aria-label or aria-labelledby attribute for accessibility @ http://localhost:3000/_next/static/chunks/9e883_next_dist_4c1928ef._.js:2287
[   65325ms] [WARNING] If you do not provide a visible label, you must specify an aria-label or aria-labelledby attribute for accessibility @ http://localhost:3000/_next/static/chunks/9e883_next_dist_4c1928ef._.js:2287
[   65325ms] [WARNING] If you do not provide a visible label, you must specify an aria-label or aria-labelledby attribute for accessibility @ http://localhost:3000/_next/static/chunks/9e883_next_dist_4c1928ef._.js:2287
[   65467ms] [WARNING] <Item> with non-plain text contents is unsupported by type to select for accessibility. Please add a `textValue` prop. @ http://localhost:3000/_next/static/chunks/9e883_next_dist_4c1928ef._.js:2287
[   65468ms] [WARNING] <Item> with non-plain text contents is unsupported by type to select for accessibility. Please add a `textValue` prop. @ http://localhost:3000/_next/static/chunks/9e883_next_dist_4c1928ef._.js:2287
[   65469ms] [WARNING] <Item> with non-plain text contents is unsupported by type to select for accessibility. Please add a `textValue` prop. @ http://localhost:3000/_next/static/chunks/9e883_next_dist_4c1928ef._.js:2287
[   65469ms] [WARNING] <Item> with non-plain text contents is unsupported by type to select for accessibility. Please add a `textValue` prop. @ http://localhost:3000/_next/static/chunks/9e883_next_dist_4c1928ef._.js:2287
[   65470ms] [WARNING] <Item> with non-plain text contents is unsupported by type to select for accessibility. Please add a `textValue` prop. @ http://localhost:3000/_next/static/chunks/9e883_next_dist_4c1928ef._.js:2287
[   65470ms] [WARNING] <Item> with non-plain text contents is unsupported by type to select for accessibility. Please add a `textValue` prop. @ http://localhost:3000/_next/static/chunks/9e883_next_dist_4c1928ef._.js:2287
[   65471ms] [WARNING] <Item> with non-plain text contents is unsupported by type to select for accessibility. Please add a `textValue` prop. @ http://localhost:3000/_next/static/chunks/9e883_next_dist_4c1928ef._.js:2287
[   65471ms] [WARNING] <Item> with non-plain text contents is unsupported by type to select for accessibility. Please add a `textValue` prop. @ http://localhost:3000/_next/static/chunks/9e883_next_dist_4c1928ef._.js:2287
[   65471ms] [WARNING] <Item> with non-plain text contents is unsupported by type to select for accessibility. Please add a `textValue` prop. @ http://localhost:3000/_next/static/chunks/9e883_next_dist_4c1928ef._.js:2287
[   65471ms] [WARNING] <Item> with non-plain text contents is unsupported by type to select for accessibility. Please add a `textValue` prop. @ http://localhost:3000/_next/static/chunks/9e883_next_dist_4c1928ef._.js:2287
[   65472ms] [WARNING] <Item> with non-plain text contents is unsupported by type to select for accessibility. Please add a `textValue` prop. @ http://localhost:3000/_next/static/chunks/9e883_next_dist_4c1928ef._.js:2287
[   65472ms] [WARNING] <Item> with non-plain text contents is unsupported by type to select for accessibility. Please add a `textValue` prop. @ http://localhost:3000/_next/static/chunks/9e883_next_dist_4c1928ef._.js:2287
[   73939ms] [WARNING] If you do not provide a visible label, you must specify an aria-label or aria-labelledby attribute for accessibility @ http://localhost:3000/_next/static/chunks/9e883_next_dist_4c1928ef._.js:2287
[   73942ms] [WARNING] If you do not provide a visible label, you must specify an aria-label or aria-labelledby attribute for accessibility @ http://localhost:3000/_next/static/chunks/9e883_next_dist_4c1928ef._.js:2287
[   73954ms] [WARNING] If you do not provide a visible label, you must specify an aria-label or aria-labelledby attribute for accessibility @ http://localhost:3000/_next/static/chunks/9e883_next_dist_4c1928ef._.js:2287
[   73955ms] [WARNING] If you do not provide a visible label, you must specify an aria-label or aria-labelledby attribute for accessibility @ http://localhost:3000/_next/static/chunks/9e883_next_dist_4c1928ef._.js:2287
[   73971ms] [WARNING] If you do not provide a visible label, you must specify an aria-label or aria-labelledby attribute for accessibility @ http://localhost:3000/_next/static/chunks/9e883_next_dist_4c1928ef._.js:2287
[   73972ms] [WARNING] If you do not provide a visible label, you must specify an aria-label or aria-labelledby attribute for accessibility @ http://localhost:3000/_next/static/chunks/9e883_next_dist_4c1928ef._.js:2287
[   73983ms] [WARNING] If you do not provide a visible label, you must specify an aria-label or aria-labelledby attribute for accessibility @ http://localhost:3000/_next/static/chunks/9e883_next_dist_4c1928ef._.js:2287
[   73997ms] [WARNING] If you do not provide a visible label, you must specify an aria-label or aria-labelledby attribute for accessibility @ http://localhost:3000/_next/static/chunks/9e883_next_dist_4c1928ef._.js:2287
[   74011ms] [WARNING] If you do not provide a visible label, you must specify an aria-label or aria-labelledby attribute for accessibility @ http://localhost:3000/_next/static/chunks/9e883_next_dist_4c1928ef._.js:2287
[   74013ms] [WARNING] If you do not provide a visible label, you must specify an aria-label or aria-labelledby attribute for accessibility @ http://localhost:3000/_next/static/chunks/9e883_next_dist_4c1928ef._.js:2287
[   74032ms] [WARNING] If you do not provide a visible label, you must specify an aria-label or aria-labelledby attribute for accessibility @ http://localhost:3000/_next/static/chunks/9e883_next_dist_4c1928ef._.js:2287
[   74034ms] [WARNING] If you do not provide a visible label, you must specify an aria-label or aria-labelledby attribute for accessibility @ http://localhost:3000/_next/static/chunks/9e883_next_dist_4c1928ef._.js:2287
[   74127ms] [WARNING] If you do not provide a visible label, you must specify an aria-label or aria-labelledby attribute for accessibility @ http://localhost:3000/_next/static/chunks/9e883_next_dist_4c1928ef._.js:2287
[   74129ms] [WARNING] If you do not provide a visible label, you must specify an aria-label or aria-labelledby attribute for accessibility @ http://localhost:3000/_next/static/chunks/9e883_next_dist_4c1928ef._.js:2287
[   74140ms] [WARNING] If you do not provide a visible label, you must specify an aria-label or aria-labelledby attribute for accessibility @ http://localhost:3000/_next/static/chunks/9e883_next_dist_4c1928ef._.js:2287
[   74141ms] [WARNING] If you do not provide a visible label, you must specify an aria-label or aria-labelledby attribute for accessibility @ http://localhost:3000/_next/static/chunks/9e883_next_dist_4c1928ef._.js:2287
[   74156ms] [WARNING] If you do not provide a visible label, you must specify an aria-label or aria-labelledby attribute for accessibility @ http://localhost:3000/_next/static/chunks/9e883_next_dist_4c1928ef._.js:2287
[   74159ms] [WARNING] If you do not provide a visible label, you must specify an aria-label or aria-labelledby attribute for accessibility @ http://localhost:3000/_next/static/chunks/9e883_next_dist_4c1928ef._.js:2287
[   74171ms] [WARNING] If you do not provide a visible label, you must specify an aria-label or aria-labelledby attribute for accessibility @ http://localhost:3000/_next/static/chunks/9e883_next_dist_4c1928ef._.js:2287
[   74171ms] [WARNING] If you do not provide a visible label, you must specify an aria-label or aria-labelledby attribute for accessibility @ http://localhost:3000/_next/static/chunks/9e883_next_dist_4c1928ef._.js:2287
[   74209ms] [WARNING] If you do not provide a visible label, you must specify an aria-label or aria-labelledby attribute for accessibility @ http://localhost:3000/_next/static/chunks/9e883_next_dist_4c1928ef._.js:2287
[   74211ms] [WARNING] If you do not provide a visible label, you must specify an aria-label or aria-labelledby attribute for accessibility @ http://localhost:3000/_next/static/chunks/9e883_next_dist_4c1928ef._.js:2287
[   74235ms] [WARNING] If you do not provide a visible label, you must specify an aria-label or aria-labelledby attribute for accessibility @ http://localhost:3000/_next/static/chunks/9e883_next_dist_4c1928ef._.js:2287
[   74238ms] [WARNING] If you do not provide a visible label, you must specify an aria-label or aria-labelledby attribute for accessibility @ http://localhost:3000/_next/static/chunks/9e883_next_dist_4c1928ef._.js:2287
[   74441ms] [WARNING] If you do not provide a visible label, you must specify an aria-label or aria-labelledby attribute for accessibility @ http://localhost:3000/_next/static/chunks/9e883_next_dist_4c1928ef._.js:2287
[   74442ms] [WARNING] If you do not provide a visible label, you must specify an aria-label or aria-labelledby attribute for accessibility @ http://localhost:3000/_next/static/chunks/9e883_next_dist_4c1928ef._.js:2287
[   74442ms] [WARNING] If you do not provide a visible label, you must specify an aria-label or aria-labelledby attribute for accessibility @ http://localhost:3000/_next/static/chunks/9e883_next_dist_4c1928ef._.js:2287
[   74443ms] [WARNING] If you do not provide a visible label, you must specify an aria-label or aria-labelledby attribute for accessibility @ http://localhost:3000/_next/static/chunks/9e883_next_dist_4c1928ef._.js:2287
[   74444ms] [WARNING] If you do not provide a visible label, you must specify an aria-label or aria-labelledby attribute for accessibility @ http://localhost:3000/_next/static/chunks/9e883_next_dist_4c1928ef._.js:2287
[   74445ms] [WARNING] If you do not provide a visible label, you must specify an aria-label or aria-labelledby attribute for accessibility @ http://localhost:3000/_next/static/chunks/9e883_next_dist_4c1928ef._.js:2287
[   74446ms] [WARNING] If you do not provide a visible label, you must specify an aria-label or aria-labelledby attribute for accessibility @ http://localhost:3000/_next/static/chunks/9e883_next_dist_4c1928ef._.js:2287
[   74446ms] [WARNING] If you do not provide a visible label, you must specify an aria-label or aria-labelledby attribute for accessibility @ http://localhost:3000/_next/static/chunks/9e883_next_dist_4c1928ef._.js:2287
[   74450ms] [WARNING] If you do not provide a visible label, you must specify an aria-label or aria-labelledby attribute for accessibility @ http://localhost:3000/_next/static/chunks/9e883_next_dist_4c1928ef._.js:2287
[   74451ms] [WARNING] If you do not provide a visible label, you must specify an aria-label or aria-labelledby attribute for accessibility @ http://localhost:3000/_next/static/chunks/9e883_next_dist_4c1928ef._.js:2287
[   74451ms] [WARNING] If you do not provide a visible label, you must specify an aria-label or aria-labelledby attribute for accessibility @ http://localhost:3000/_next/static/chunks/9e883_next_dist_4c1928ef._.js:2287
[   74461ms] [WARNING] If you do not provide a visible label, you must specify an aria-label or aria-labelledby attribute for accessibility @ http://localhost:3000/_next/static/chunks/9e883_next_dist_4c1928ef._.js:2287
