[    2943ms] [WARNING] [React Flow]: It seems that you haven't loaded the styles. Please import '@xyflow/react/dist/style.css' or base.css to make sure everything is working properly. Help: https://reactflow.dev/error#013 @ http://localhost:3000/_next/static/chunks/9e883_next_dist_4c1928ef._.js:2287
[    2971ms] [WARNING] If you do not provide a visible label, you must specify an aria-label or aria-labelledby attribute for accessibility @ http://localhost:3000/_next/static/chunks/9e883_next_dist_4c1928ef._.js:2287
[    2973ms] [WARNING] If you do not provide a visible label, you must specify an aria-label or aria-labelledby attribute for accessibility @ http://localhost:3000/_next/static/chunks/9e883_next_dist_4c1928ef._.js:2287
[    2997ms] [WARNING] If you do not provide a visible label, you must specify an aria-label or aria-labelledby attribute for accessibility @ http://localhost:3000/_next/static/chunks/9e883_next_dist_4c1928ef._.js:2287
[    2998ms] [WARNING] If you do not provide a visible label, you must specify an aria-label or aria-labelledby attribute for accessibility @ http://localhost:3000/_next/static/chunks/9e883_next_dist_4c1928ef._.js:2287
[    3041ms] [WARNING] If you do not provide a visible label, you must specify an aria-label or aria-labelledby attribute for accessibility @ http://localhost:3000/_next/static/chunks/9e883_next_dist_4c1928ef._.js:2287
[    3042ms] [WARNING] If you do not provide a visible label, you must specify an aria-label or aria-labelledby attribute for accessibility @ http://localhost:3000/_next/static/chunks/9e883_next_dist_4c1928ef._.js:2287
[    3055ms] [WARNING] If you do not provide a visible label, you must specify an aria-label or aria-labelledby attribute for accessibility @ http://localhost:3000/_next/static/chunks/9e883_next_dist_4c1928ef._.js:2287
[    3055ms] [WARNING] If you do not provide a visible label, you must specify an aria-label or aria-labelledby attribute for accessibility @ http://localhost:3000/_next/static/chunks/9e883_next_dist_4c1928ef._.js:2287
[    3109ms] [WARNING] If you do not provide a visible label, you must specify an aria-label or aria-labelledby attribute for accessibility @ http://localhost:3000/_next/static/chunks/9e883_next_dist_4c1928ef._.js:2287
[    3111ms] [WARNING] If you do not provide a visible label, you must specify an aria-label or aria-labelledby attribute for accessibility @ http://localhost:3000/_next/static/chunks/9e883_next_dist_4c1928ef._.js:2287
[    3112ms] [WARNING] If you do not provide a visible label, you must specify an aria-label or aria-labelledby attribute for accessibility @ http://localhost:3000/_next/static/chunks/9e883_next_dist_4c1928ef._.js:2287
[    3113ms] [WARNING] If you do not provide a visible label, you must specify an aria-label or aria-labelledby attribute for accessibility @ http://localhost:3000/_next/static/chunks/9e883_next_dist_4c1928ef._.js:2287
[   87200ms] [WARNING] [React Flow]: It looks like you've created a new nodeTypes or edgeTypes object. If this wasn't on purpose please define the nodeTypes/edgeTypes outside of the component or memoize them. Help: https://reactflow.dev/error#002 @ http://localhost:3000/_next/static/chunks/9e883_next_dist_4c1928ef._.js:2287
[   90737ms] [WARNING] [React Flow]: It seems that you haven't loaded the styles. Please import '@xyflow/react/dist/style.css' or base.css to make sure everything is working properly. Help: https://reactflow.dev/error#013 @ http://localhost:3000/_next/static/chunks/9e883_next_dist_4c1928ef._.js:2287
[   90842ms] [WARNING] If you do not provide a visible label, you must specify an aria-label or aria-labelledby attribute for accessibility @ http://localhost:3000/_next/static/chunks/9e883_next_dist_4c1928ef._.js:2287
[   90864ms] [WARNING] If you do not provide a visible label, you must specify an aria-label or aria-labelledby attribute for accessibility @ http://localhost:3000/_next/static/chunks/9e883_next_dist_4c1928ef._.js:2287
[   90905ms] [WARNING] If you do not provide a visible label, you must specify an aria-label or aria-labelledby attribute for accessibility @ http://localhost:3000/_next/static/chunks/9e883_next_dist_4c1928ef._.js:2287
[   90909ms] [WARNING] If you do not provide a visible label, you must specify an aria-label or aria-labelledby attribute for accessibility @ http://localhost:3000/_next/static/chunks/9e883_next_dist_4c1928ef._.js:2287
[   91017ms] [WARNING] If you do not provide a visible label, you must specify an aria-label or aria-labelledby attribute for accessibility @ http://localhost:3000/_next/static/chunks/9e883_next_dist_4c1928ef._.js:2287
[   91018ms] [WARNING] If you do not provide a visible label, you must specify an aria-label or aria-labelledby attribute for accessibility @ http://localhost:3000/_next/static/chunks/9e883_next_dist_4c1928ef._.js:2287
[   91032ms] [WARNING] If you do not provide a visible label, you must specify an aria-label or aria-labelledby attribute for accessibility @ http://localhost:3000/_next/static/chunks/9e883_next_dist_4c1928ef._.js:2287
[   91032ms] [WARNING] If you do not provide a visible label, you must specify an aria-label or aria-labelledby attribute for accessibility @ http://localhost:3000/_next/static/chunks/9e883_next_dist_4c1928ef._.js:2287
[   91070ms] [WARNING] If you do not provide a visible label, you must specify an aria-label or aria-labelledby attribute for accessibility @ http://localhost:3000/_next/static/chunks/9e883_next_dist_4c1928ef._.js:2287
[   91071ms] [WARNING] If you do not provide a visible label, you must specify an aria-label or aria-labelledby attribute for accessibility @ http://localhost:3000/_next/static/chunks/9e883_next_dist_4c1928ef._.js:2287
[   91075ms] [WARNING] If you do not provide a visible label, you must specify an aria-label or aria-labelledby attribute for accessibility @ http://localhost:3000/_next/static/chunks/9e883_next_dist_4c1928ef._.js:2287
[   91076ms] [WARNING] If you do not provide a visible label, you must specify an aria-label or aria-labelledby attribute for accessibility @ http://localhost:3000/_next/static/chunks/9e883_next_dist_4c1928ef._.js:2287
