[    4946ms] [WARNING] Image with src "/logo-symbol-axon.svg" was detected as the Largest Contentful Paint (LCP). Please add the `loading="eager"` property if this image is above the fold.
Read more: https://nextjs.org/docs/app/api-reference/components/image#loading @ http://localhost:3000/_next/static/chunks/9e883_next_dist_4c1928ef._.js:2287
[    5126ms] [ERROR] %c%s%c Failed to fetch artifacts background: #e6e6e6;background: light-dark(rgba(0,0,0,0.1), rgba(255,255,255,0.25));color: #000000;color: light-dark(#000000, #ffffff);border-radius: 2px  Server   @ http://localhost:3000/_next/static/chunks/9e883_next_dist_4c1928ef._.js:3117
[    5641ms] Error: Hydration failed because the server rendered text didn't match the client. As a result this tree will be regenerated on the client. This can happen if a SSR-ed Client Component used:

- A server/client branch `if (typeof window !== 'undefined')`.
- Variable input such as `Date.now()` or `Math.random()` which changes each time it's called.
- Date formatting in a user's locale which doesn't match the server.
- External changing data without sending a snapshot of it along with the HTML.
- Invalid HTML tag nesting.

It can also happen if the client has a browser extension installed which messes with the HTML before React loaded.

https://react.dev/link/hydration-mismatch

  ...
    <Primitive.div dir="ltr" data-orientation="horizontal" data-slot="tabs" className="flex flex-..." ref={null}>
      <div dir="ltr" data-orientation="horizontal" data-slot="tabs" className="flex flex-..." ref={null}>
        <TabsList>
        <TabsContent value="overview" className="mt-6">
          <TabsContent data-slot="tabs-content" className="flex-1 out..." value="overview">
            <Presence present={true}>
              <Primitive.div data-state="active" data-orientation="horizontal" role="tabpanel" ...>
                <div data-state="active" data-orientation="horizontal" role="tabpanel" aria-labelledby="radix-_R_1..." ...>
                  <div className="grid grid-...">
                    <div className="space-y-6">
                      <Card>
                        <div data-slot="card" className="bg-card te...">
                          <CardHeader>
                          <CardContent className="space-y-4">
                            <div data-slot="card-content" className="px-6 space...">
                              <div className="grid grid-...">
                                <div>
                                <div>
                                <div>
                                  <p>
                                  <p className="font-medium">
+                                   18/12/2025
-                                   12/18/2025
                    ...
        ...

    at throwOnHydrationMismatch (http://localhost:3000/_next/static/chunks/9e883_next_dist_compiled_react-dom_33d456f8._.js:3342:56)
    at prepareToHydrateHostInstance (http://localhost:3000/_next/static/chunks/9e883_next_dist_compiled_react-dom_33d456f8._.js:3396:23)
    at completeWork (http://localhost:3000/_next/static/chunks/9e883_next_dist_compiled_react-dom_33d456f8._.js:6928:60)
    at runWithFiberInDEV (http://localhost:3000/_next/static/chunks/9e883_next_dist_compiled_react-dom_33d456f8._.js:959:74)
    at completeUnitOfWork (http://localhost:3000/_next/static/chunks/9e883_next_dist_compiled_react-dom_33d456f8._.js:9621:23)
    at performUnitOfWork (http://localhost:3000/_next/static/chunks/9e883_next_dist_compiled_react-dom_33d456f8._.js:9558:28)
    at workLoopConcurrentByScheduler (http://localhost:3000/_next/static/chunks/9e883_next_dist_compiled_react-dom_33d456f8._.js:9552:58)
    at renderRootConcurrent (http://localhost:3000/_next/static/chunks/9e883_next_dist_compiled_react-dom_33d456f8._.js:9535:71)
    at performWorkOnRoot (http://localhost:3000/_next/static/chunks/9e883_next_dist_compiled_react-dom_33d456f8._.js:9062:150)
    at performWorkOnRootViaSchedulerTask (http://localhost:3000/_next/static/chunks/9e883_next_dist_compiled_react-dom_33d456f8._.js:10224:9)
    at MessagePort.performWorkUntilDeadline (http://localhost:3000/_next/static/chunks/9e883_next_dist_compiled_8f5ebc08._.js:2647:64)
