[    1580ms] [ERROR] %c%s%c Error fetching inbox items: background: #e6e6e6;background: light-dark(rgba(0,0,0,0.1), rgba(255,255,255,0.25));color: #000000;color: light-dark(#000000, #ffffff);border-radius: 2px  Server   TypeError: fetch failed
    at getInboxItems (about://React/Server/file:///Users/kamil/Documents/DEV/axon/axon/frontend/.next/dev/server/chunks/ssr/%5Broot-of-the-server%5D__98201107._.js?26:199:21)
    at InboxPage (about://React/Server/file:///Users/kamil/Documents/DEV/axon/axon/frontend/.next/dev/server/chunks/ssr/%5Broot-of-the-server%5D__98201107._.js?27:284:19)
    at resolveErrorDev (http://localhost:3000/_next/static/chunks/9e883_next_dist_compiled_react-server-dom-turbopack_6723cebf._.js:1882:106)
    at getOutlinedModel (http://localhost:3000/_next/static/chunks/9e883_next_dist_compiled_react-server-dom-turbopack_6723cebf._.js:1434:28)
    at parseModelString (http://localhost:3000/_next/static/chunks/9e883_next_dist_compiled_react-server-dom-turbopack_6723cebf._.js:1548:50)
    at Object.<anonymous> (http://localhost:3000/_next/static/chunks/9e883_next_dist_compiled_react-server-dom-turbopack_6723cebf._.js:2475:51)
    at JSON.parse (<anonymous>)
    at initializeModelChunk (http://localhost:3000/_next/static/chunks/9e883_next_dist_compiled_react-server-dom-turbopack_6723cebf._.js:1053:30)
    at getOutlinedModel (http://localhost:3000/_next/static/chunks/9e883_next_dist_compiled_react-server-dom-turbopack_6723cebf._.js:1372:17)
    at parseModelString (http://localhost:3000/_next/static/chunks/9e883_next_dist_compiled_react-server-dom-turbopack_6723cebf._.js:1602:50)
    at Array.<anonymous> (http://localhost:3000/_next/static/chunks/9e883_next_dist_compiled_react-server-dom-turbopack_6723cebf._.js:2475:51)
    at JSON.parse (<anonymous>)
    at initializeModelChunk (http://localhost:3000/_next/static/chunks/9e883_next_dist_compiled_react-server-dom-turbopack_6723cebf._.js:1053:30)
    at resolveConsoleEntry (http://localhost:3000/_next/static/chunks/9e883_next_dist_compiled_react-server-dom-turbopack_6723cebf._.js:2008:96)
    at processFullStringRow (http://localhost:3000/_next/static/chunks/9e883_next_dist_compiled_react-server-dom-turbopack_6723cebf._.js:2409:17)
    at processFullBinaryRow (http://localhost:3000/_next/static/chunks/9e883_next_dist_compiled_react-server-dom-turbopack_6723cebf._.js:2349:9)
    at processBinaryChunk (http://localhost:3000/_next/static/chunks/9e883_next_dist_compiled_react-server-dom-turbopack_6723cebf._.js:2459:98)
    at progress (http://localhost:3000/_next/static/chunks/9e883_next_dist_compiled_react-server-dom-turbopack_6723cebf._.js:2628:13) @ http://localhost:3000/_next/static/chunks/9e883_next_dist_4c1928ef._.js:3117
[   97234ms] [ERROR] %c%s%c Error fetching inbox items: background: #e6e6e6;background: light-dark(rgba(0,0,0,0.1), rgba(255,255,255,0.25));color: #000000;color: light-dark(#000000, #ffffff);border-radius: 2px  Server   TypeError: fetch failed
    at getInboxItems (about://React/Server/file:///Users/kamil/Documents/DEV/axon/axon/frontend/.next/dev/server/chunks/ssr/%5Broot-of-the-server%5D__98201107._.js?26:199:21)
    at InboxPage (about://React/Server/file:///Users/kamil/Documents/DEV/axon/axon/frontend/.next/dev/server/chunks/ssr/%5Broot-of-the-server%5D__98201107._.js?27:284:19)
    at resolveErrorDev (http://localhost:3000/_next/static/chunks/9e883_next_dist_compiled_react-server-dom-turbopack_6723cebf._.js:1882:106)
    at getOutlinedModel (http://localhost:3000/_next/static/chunks/9e883_next_dist_compiled_react-server-dom-turbopack_6723cebf._.js:1434:28)
    at parseModelString (http://localhost:3000/_next/static/chunks/9e883_next_dist_compiled_react-server-dom-turbopack_6723cebf._.js:1548:50)
    at Object.<anonymous> (http://localhost:3000/_next/static/chunks/9e883_next_dist_compiled_react-server-dom-turbopack_6723cebf._.js:2475:51)
    at JSON.parse (<anonymous>)
    at initializeModelChunk (http://localhost:3000/_next/static/chunks/9e883_next_dist_compiled_react-server-dom-turbopack_6723cebf._.js:1053:30)
    at getOutlinedModel (http://localhost:3000/_next/static/chunks/9e883_next_dist_compiled_react-server-dom-turbopack_6723cebf._.js:1372:17)
    at parseModelString (http://localhost:3000/_next/static/chunks/9e883_next_dist_compiled_react-server-dom-turbopack_6723cebf._.js:1602:50)
    at Array.<anonymous> (http://localhost:3000/_next/static/chunks/9e883_next_dist_compiled_react-server-dom-turbopack_6723cebf._.js:2475:51)
    at JSON.parse (<anonymous>)
    at initializeModelChunk (http://localhost:3000/_next/static/chunks/9e883_next_dist_compiled_react-server-dom-turbopack_6723cebf._.js:1053:30)
    at resolveConsoleEntry (http://localhost:3000/_next/static/chunks/9e883_next_dist_compiled_react-server-dom-turbopack_6723cebf._.js:2008:96)
    at processFullStringRow (http://localhost:3000/_next/static/chunks/9e883_next_dist_compiled_react-server-dom-turbopack_6723cebf._.js:2409:17)
    at processFullBinaryRow (http://localhost:3000/_next/static/chunks/9e883_next_dist_compiled_react-server-dom-turbopack_6723cebf._.js:2349:9)
    at processBinaryChunk (http://localhost:3000/_next/static/chunks/9e883_next_dist_compiled_react-server-dom-turbopack_6723cebf._.js:2459:98)
    at progress (http://localhost:3000/_next/static/chunks/9e883_next_dist_compiled_react-server-dom-turbopack_6723cebf._.js:2628:13) @ http://localhost:3000/_next/static/chunks/9e883_next_dist_4c1928ef._.js:3117
