[    1682ms] [WARNING] If you do not provide a visible label, you must specify an aria-label or aria-labelledby attribute for accessibility @ http://localhost:3000/_next/static/chunks/9e883_next_dist_4c1928ef._.js:2287
[    1686ms] [WARNING] If you do not provide a visible label, you must specify an aria-label or aria-labelledby attribute for accessibility @ http://localhost:3000/_next/static/chunks/9e883_next_dist_4c1928ef._.js:2287
[    1697ms] [WARNING] If you do not provide a visible label, you must specify an aria-label or aria-labelledby attribute for accessibility @ http://localhost:3000/_next/static/chunks/9e883_next_dist_4c1928ef._.js:2287
[    1699ms] [WARNING] If you do not provide a visible label, you must specify an aria-label or aria-labelledby attribute for accessibility @ http://localhost:3000/_next/static/chunks/9e883_next_dist_4c1928ef._.js:2287
[    1707ms] [WARNING] If you do not provide a visible label, you must specify an aria-label or aria-labelledby attribute for accessibility @ http://localhost:3000/_next/static/chunks/9e883_next_dist_4c1928ef._.js:2287
[    1707ms] [WARNING] If you do not provide a visible label, you must specify an aria-label or aria-labelledby attribute for accessibility @ http://localhost:3000/_next/static/chunks/9e883_next_dist_4c1928ef._.js:2287
[    1716ms] [WARNING] If you do not provide a visible label, you must specify an aria-label or aria-labelledby attribute for accessibility @ http://localhost:3000/_next/static/chunks/9e883_next_dist_4c1928ef._.js:2287
[    1717ms] [WARNING] If you do not provide a visible label, you must specify an aria-label or aria-labelledby attribute for accessibility @ http://localhost:3000/_next/static/chunks/9e883_next_dist_4c1928ef._.js:2287
[    1726ms] [WARNING] If you do not provide a visible label, you must specify an aria-label or aria-labelledby attribute for accessibility @ http://localhost:3000/_next/static/chunks/9e883_next_dist_4c1928ef._.js:2287
[    1727ms] [WARNING] If you do not provide a visible label, you must specify an aria-label or aria-labelledby attribute for accessibility @ http://localhost:3000/_next/static/chunks/9e883_next_dist_4c1928ef._.js:2287
[    1734ms] [WARNING] If you do not provide a visible label, you must specify an aria-label or aria-labelledby attribute for accessibility @ http://localhost:3000/_next/static/chunks/9e883_next_dist_4c1928ef._.js:2287
[    1734ms] [WARNING] If you do not provide a visible label, you must specify an aria-label or aria-labelledby attribute for accessibility @ http://localhost:3000/_next/static/chunks/9e883_next_dist_4c1928ef._.js:2287
[    1784ms] [WARNING] If you do not provide a visible label, you must specify an aria-label or aria-labelledby attribute for accessibility @ http://localhost:3000/_next/static/chunks/9e883_next_dist_4c1928ef._.js:2287
[    1784ms] [WARNING] If you do not provide a visible label, you must specify an aria-label or aria-labelledby attribute for accessibility @ http://localhost:3000/_next/static/chunks/9e883_next_dist_4c1928ef._.js:2287
[    1792ms] [WARNING] If you do not provide a visible label, you must specify an aria-label or aria-labelledby attribute for accessibility @ http://localhost:3000/_next/static/chunks/9e883_next_dist_4c1928ef._.js:2287
[    1793ms] [WARNING] If you do not provide a visible label, you must specify an aria-label or aria-labelledby attribute for accessibility @ http://localhost:3000/_next/static/chunks/9e883_next_dist_4c1928ef._.js:2287
[    1799ms] [WARNING] If you do not provide a visible label, you must specify an aria-label or aria-labelledby attribute for accessibility @ http://localhost:3000/_next/static/chunks/9e883_next_dist_4c1928ef._.js:2287
[    1800ms] [WARNING] If you do not provide a visible label, you must specify an aria-label or aria-labelledby attribute for accessibility @ http://localhost:3000/_next/static/chunks/9e883_next_dist_4c1928ef._.js:2287
[    1847ms] [WARNING] If you do not provide a visible label, you must specify an aria-label or aria-labelledby attribute for accessibility @ http://localhost:3000/_next/static/chunks/9e883_next_dist_4c1928ef._.js:2287
[    1851ms] [WARNING] If you do not provide a visible label, you must specify an aria-label or aria-labelledby attribute for accessibility @ http://localhost:3000/_next/static/chunks/9e883_next_dist_4c1928ef._.js:2287
[    1870ms] [WARNING] If you do not provide a visible label, you must specify an aria-label or aria-labelledby attribute for accessibility @ http://localhost:3000/_next/static/chunks/9e883_next_dist_4c1928ef._.js:2287
[    1871ms] [WARNING] If you do not provide a visible label, you must specify an aria-label or aria-labelledby attribute for accessibility @ http://localhost:3000/_next/static/chunks/9e883_next_dist_4c1928ef._.js:2287
[    1882ms] [WARNING] If you do not provide a visible label, you must specify an aria-label or aria-labelledby attribute for accessibility @ http://localhost:3000/_next/static/chunks/9e883_next_dist_4c1928ef._.js:2287
[    1886ms] [WARNING] If you do not provide a visible label, you must specify an aria-label or aria-labelledby attribute for accessibility @ http://localhost:3000/_next/static/chunks/9e883_next_dist_4c1928ef._.js:2287
[    2430ms] [WARNING] If you do not provide a visible label, you must specify an aria-label or aria-labelledby attribute for accessibility @ http://localhost:3000/_next/static/chunks/9e883_next_dist_4c1928ef._.js:2287
[    2433ms] [WARNING] If you do not provide a visible label, you must specify an aria-label or aria-labelledby attribute for accessibility @ http://localhost:3000/_next/static/chunks/9e883_next_dist_4c1928ef._.js:2287
[    2436ms] [WARNING] If you do not provide a visible label, you must specify an aria-label or aria-labelledby attribute for accessibility @ http://localhost:3000/_next/static/chunks/9e883_next_dist_4c1928ef._.js:2287
[    2437ms] [WARNING] If you do not provide a visible label, you must specify an aria-label or aria-labelledby attribute for accessibility @ http://localhost:3000/_next/static/chunks/9e883_next_dist_4c1928ef._.js:2287
[    2438ms] [WARNING] If you do not provide a visible label, you must specify an aria-label or aria-labelledby attribute for accessibility @ http://localhost:3000/_next/static/chunks/9e883_next_dist_4c1928ef._.js:2287
[    2439ms] [WARNING] If you do not provide a visible label, you must specify an aria-label or aria-labelledby attribute for accessibility @ http://localhost:3000/_next/static/chunks/9e883_next_dist_4c1928ef._.js:2287
[    2440ms] [WARNING] If you do not provide a visible label, you must specify an aria-label or aria-labelledby attribute for accessibility @ http://localhost:3000/_next/static/chunks/9e883_next_dist_4c1928ef._.js:2287
[    2441ms] [WARNING] If you do not provide a visible label, you must specify an aria-label or aria-labelledby attribute for accessibility @ http://localhost:3000/_next/static/chunks/9e883_next_dist_4c1928ef._.js:2287
[    2442ms] [WARNING] If you do not provide a visible label, you must specify an aria-label or aria-labelledby attribute for accessibility @ http://localhost:3000/_next/static/chunks/9e883_next_dist_4c1928ef._.js:2287
[    2444ms] [WARNING] If you do not provide a visible label, you must specify an aria-label or aria-labelledby attribute for accessibility @ http://localhost:3000/_next/static/chunks/9e883_next_dist_4c1928ef._.js:2287
[    2446ms] [WARNING] If you do not provide a visible label, you must specify an aria-label or aria-labelledby attribute for accessibility @ http://localhost:3000/_next/static/chunks/9e883_next_dist_4c1928ef._.js:2287
[    2447ms] [WARNING] If you do not provide a visible label, you must specify an aria-label or aria-labelledby attribute for accessibility @ http://localhost:3000/_next/static/chunks/9e883_next_dist_4c1928ef._.js:2287
[   13823ms] [WARNING] <Item> with non-plain text contents is unsupported by type to select for accessibility. Please add a `textValue` prop. @ http://localhost:3000/_next/static/chunks/9e883_next_dist_4c1928ef._.js:2287
[   13824ms] [WARNING] <Item> with non-plain text contents is unsupported by type to select for accessibility. Please add a `textValue` prop. @ http://localhost:3000/_next/static/chunks/9e883_next_dist_4c1928ef._.js:2287
[   13824ms] [WARNING] <Item> with non-plain text contents is unsupported by type to select for accessibility. Please add a `textValue` prop. @ http://localhost:3000/_next/static/chunks/9e883_next_dist_4c1928ef._.js:2287
[   13824ms] [WARNING] <Item> with non-plain text contents is unsupported by type to select for accessibility. Please add a `textValue` prop. @ http://localhost:3000/_next/static/chunks/9e883_next_dist_4c1928ef._.js:2287
[   13825ms] [WARNING] <Item> with non-plain text contents is unsupported by type to select for accessibility. Please add a `textValue` prop. @ http://localhost:3000/_next/static/chunks/9e883_next_dist_4c1928ef._.js:2287
[   13825ms] [WARNING] <Item> with non-plain text contents is unsupported by type to select for accessibility. Please add a `textValue` prop. @ http://localhost:3000/_next/static/chunks/9e883_next_dist_4c1928ef._.js:2287
[   13825ms] [WARNING] <Item> with non-plain text contents is unsupported by type to select for accessibility. Please add a `textValue` prop. @ http://localhost:3000/_next/static/chunks/9e883_next_dist_4c1928ef._.js:2287
[   13826ms] [WARNING] <Item> with non-plain text contents is unsupported by type to select for accessibility. Please add a `textValue` prop. @ http://localhost:3000/_next/static/chunks/9e883_next_dist_4c1928ef._.js:2287
[   13826ms] [WARNING] <Item> with non-plain text contents is unsupported by type to select for accessibility. Please add a `textValue` prop. @ http://localhost:3000/_next/static/chunks/9e883_next_dist_4c1928ef._.js:2287
[   13826ms] [WARNING] <Item> with non-plain text contents is unsupported by type to select for accessibility. Please add a `textValue` prop. @ http://localhost:3000/_next/static/chunks/9e883_next_dist_4c1928ef._.js:2287
[   13827ms] [WARNING] <Item> with non-plain text contents is unsupported by type to select for accessibility. Please add a `textValue` prop. @ http://localhost:3000/_next/static/chunks/9e883_next_dist_4c1928ef._.js:2287
[   13827ms] [WARNING] <Item> with non-plain text contents is unsupported by type to select for accessibility. Please add a `textValue` prop. @ http://localhost:3000/_next/static/chunks/9e883_next_dist_4c1928ef._.js:2287
[  202163ms] [WARNING] If you do not provide a visible label, you must specify an aria-label or aria-labelledby attribute for accessibility @ http://localhost:3000/_next/static/chunks/9e883_next_dist_4c1928ef._.js:2287
[  202164ms] [WARNING] If you do not provide a visible label, you must specify an aria-label or aria-labelledby attribute for accessibility @ http://localhost:3000/_next/static/chunks/9e883_next_dist_4c1928ef._.js:2287
[  208176ms] [WARNING] If you do not provide a visible label, you must specify an aria-label or aria-labelledby attribute for accessibility @ http://localhost:3000/_next/static/chunks/9e883_next_dist_4c1928ef._.js:2287
[  208177ms] [WARNING] If you do not provide a visible label, you must specify an aria-label or aria-labelledby attribute for accessibility @ http://localhost:3000/_next/static/chunks/9e883_next_dist_4c1928ef._.js:2287
[  392223ms] [WARNING] <Item> with non-plain text contents is unsupported by type to select for accessibility. Please add a `textValue` prop. @ http://localhost:3000/_next/static/chunks/9e883_next_dist_4c1928ef._.js:2287
[  392231ms] [WARNING] <Item> with non-plain text contents is unsupported by type to select for accessibility. Please add a `textValue` prop. @ http://localhost:3000/_next/static/chunks/9e883_next_dist_4c1928ef._.js:2287
[  392233ms] [WARNING] <Item> with non-plain text contents is unsupported by type to select for accessibility. Please add a `textValue` prop. @ http://localhost:3000/_next/static/chunks/9e883_next_dist_4c1928ef._.js:2287
[  392234ms] [WARNING] <Item> with non-plain text contents is unsupported by type to select for accessibility. Please add a `textValue` prop. @ http://localhost:3000/_next/static/chunks/9e883_next_dist_4c1928ef._.js:2287
[  392234ms] [WARNING] <Item> with non-plain text contents is unsupported by type to select for accessibility. Please add a `textValue` prop. @ http://localhost:3000/_next/static/chunks/9e883_next_dist_4c1928ef._.js:2287
[  392234ms] [WARNING] <Item> with non-plain text contents is unsupported by type to select for accessibility. Please add a `textValue` prop. @ http://localhost:3000/_next/static/chunks/9e883_next_dist_4c1928ef._.js:2287
[  392235ms] [WARNING] <Item> with non-plain text contents is unsupported by type to select for accessibility. Please add a `textValue` prop. @ http://localhost:3000/_next/static/chunks/9e883_next_dist_4c1928ef._.js:2287
[  392235ms] [WARNING] <Item> with non-plain text contents is unsupported by type to select for accessibility. Please add a `textValue` prop. @ http://localhost:3000/_next/static/chunks/9e883_next_dist_4c1928ef._.js:2287
[  392235ms] [WARNING] <Item> with non-plain text contents is unsupported by type to select for accessibility. Please add a `textValue` prop. @ http://localhost:3000/_next/static/chunks/9e883_next_dist_4c1928ef._.js:2287
[  392236ms] [WARNING] <Item> with non-plain text contents is unsupported by type to select for accessibility. Please add a `textValue` prop. @ http://localhost:3000/_next/static/chunks/9e883_next_dist_4c1928ef._.js:2287
[  392236ms] [WARNING] <Item> with non-plain text contents is unsupported by type to select for accessibility. Please add a `textValue` prop. @ http://localhost:3000/_next/static/chunks/9e883_next_dist_4c1928ef._.js:2287
[  392237ms] [WARNING] <Item> with non-plain text contents is unsupported by type to select for accessibility. Please add a `textValue` prop. @ http://localhost:3000/_next/static/chunks/9e883_next_dist_4c1928ef._.js:2287
[ 1056198ms] [WARNING] [Fast Refresh] performing full reload

Fast Refresh will perform a full reload when you edit a file that's imported by modules outside of the React rendering tree.
You might have a file which exports a React component but also exports a value that is imported by a non-React component file.
Consider migrating the non-React component export to a separate file and importing it into both files.

It is also possible the parent component of the component you edited is a class component, which disables Fast Refresh.
Fast Refresh requires at least one parent function component in your React tree. @ http://localhost:3000/_next/static/chunks/9e883_next_dist_4c1928ef._.js:2287
[ 1062025ms] [ERROR] Failed to load resource: the server responded with a status of 500 (Internal Server Error) @ http://localhost:3000/spaces/1:0
[ 1063536ms] ReferenceError: dynamic is not defined
    at module evaluation (http://localhost:3000/_next/static/chunks/frontend_src_modules_spaces_1904f8e7._.js:8537:38)
    at http://localhost:3000/_next/static/chunks/turbopack-frontend_ddbb73ac._.js:855:13
    at runModuleExecutionHooks (http://localhost:3000/_next/static/chunks/turbopack-frontend_ddbb73ac._.js:880:13)
    at instantiateModule (http://localhost:3000/_next/static/chunks/turbopack-frontend_ddbb73ac._.js:853:9)
    at getOrInstantiateModuleFromParent (http://localhost:3000/_next/static/chunks/turbopack-frontend_ddbb73ac._.js:806:12)
    at DevContext.esmImport [as i] (http://localhost:3000/_next/static/chunks/turbopack-frontend_ddbb73ac._.js:238:20)
    at module evaluation (http://localhost:3000/_next/static/chunks/frontend_src_modules_spaces_1904f8e7._.js:15528:212)
    at http://localhost:3000/_next/static/chunks/turbopack-frontend_ddbb73ac._.js:855:13
    at runModuleExecutionHooks (http://localhost:3000/_next/static/chunks/turbopack-frontend_ddbb73ac._.js:880:13)
    at instantiateModule (http://localhost:3000/_next/static/chunks/turbopack-frontend_ddbb73ac._.js:853:9)
    at getOrInstantiateModuleFromParent (http://localhost:3000/_next/static/chunks/turbopack-frontend_ddbb73ac._.js:806:12)
    at DevContext.esmImport [as i] (http://localhost:3000/_next/static/chunks/turbopack-frontend_ddbb73ac._.js:238:20)
    at module evaluation (http://localhost:3000/_next/static/chunks/frontend_src_modules_spaces_1904f8e7._.js:15761:211)
    at http://localhost:3000/_next/static/chunks/turbopack-frontend_ddbb73ac._.js:855:13
    at runModuleExecutionHooks (http://localhost:3000/_next/static/chunks/turbopack-frontend_ddbb73ac._.js:880:13)
    at instantiateModule (http://localhost:3000/_next/static/chunks/turbopack-frontend_ddbb73ac._.js:853:9)
    at getOrInstantiateModuleFromParent (http://localhost:3000/_next/static/chunks/turbopack-frontend_ddbb73ac._.js:806:12)
    at DevContext.esmImport [as i] (http://localhost:3000/_next/static/chunks/turbopack-frontend_ddbb73ac._.js:238:20)
    at module evaluation (http://localhost:3000/_next/static/chunks/frontend_src_modules_spaces_1904f8e7._.js:15848:199)
    at http://localhost:3000/_next/static/chunks/turbopack-frontend_ddbb73ac._.js:855:13
    at runModuleExecutionHooks (http://localhost:3000/_next/static/chunks/turbopack-frontend_ddbb73ac._.js:880:13)
    at instantiateModule (http://localhost:3000/_next/static/chunks/turbopack-frontend_ddbb73ac._.js:853:9)
    at getOrInstantiateModuleFromParent (http://localhost:3000/_next/static/chunks/turbopack-frontend_ddbb73ac._.js:806:12)
    at DevContext.esmImport [as i] (http://localhost:3000/_next/static/chunks/turbopack-frontend_ddbb73ac._.js:238:20)
    at module evaluation (http://localhost:3000/_next/static/chunks/frontend_src_modules_spaces_1904f8e7._.js:16665:211)
    at http://localhost:3000/_next/static/chunks/turbopack-frontend_ddbb73ac._.js:855:13
    at runModuleExecutionHooks (http://localhost:3000/_next/static/chunks/turbopack-frontend_ddbb73ac._.js:880:13)
    at instantiateModule (http://localhost:3000/_next/static/chunks/turbopack-frontend_ddbb73ac._.js:853:9)
    at getOrInstantiateModuleFromParent (http://localhost:3000/_next/static/chunks/turbopack-frontend_ddbb73ac._.js:806:12)
    at DevContext.esmImport [as i] (http://localhost:3000/_next/static/chunks/turbopack-frontend_ddbb73ac._.js:238:20)
    at module evaluation (http://localhost:3000/_next/static/chunks/frontend_src_4fb9e60a._.js:167:180)
    at http://localhost:3000/_next/static/chunks/turbopack-frontend_ddbb73ac._.js:855:13
    at runModuleExecutionHooks (http://localhost:3000/_next/static/chunks/turbopack-frontend_ddbb73ac._.js:880:13)
    at instantiateModule (http://localhost:3000/_next/static/chunks/turbopack-frontend_ddbb73ac._.js:853:9)
    at getOrInstantiateModuleFromParent (http://localhost:3000/_next/static/chunks/turbopack-frontend_ddbb73ac._.js:806:12)
    at DevContext.commonJsRequire [as r] (http://localhost:3000/_next/static/chunks/turbopack-frontend_ddbb73ac._.js:259:12)
    at requireModule (http://localhost:3000/_next/static/chunks/9e883_next_dist_compiled_react-server-dom-turbopack_6723cebf._.js:85:84)
    at initializeModuleChunk (http://localhost:3000/_next/static/chunks/9e883_next_dist_compiled_react-server-dom-turbopack_6723cebf._.js:1078:25)
    at resolveModuleChunk (http://localhost:3000/_next/static/chunks/9e883_next_dist_compiled_react-server-dom-turbopack_6723cebf._.js:1002:43)
    at http://localhost:3000/_next/static/chunks/9e883_next_dist_compiled_react-server-dom-turbopack_6723cebf._.js:1722:24
[ 1066821ms] [WARNING] The resource http://localhost:3000/_next/static/chunks/9e883_%40xyflow_react_dist_style_b89b2b56.css was preloaded using link preload but not used within a few seconds from the window's load event. Please make sure it has an appropriate `as` value and it is preloaded intentionally. @ http://localhost:3000/spaces/1:0
[ 1066822ms] [WARNING] The resource http://localhost:3000/_next/static/media/caa3a2e1cccd8315-s.p.853070df.woff2 was preloaded using link preload but not used within a few seconds from the window's load event. Please make sure it has an appropriate `as` value and it is preloaded intentionally. @ http://localhost:3000/spaces/1:0
[ 1066822ms] [WARNING] The resource http://localhost:3000/_next/static/media/797e433ab948586e-s.p.dbea232f.woff2 was preloaded using link preload but not used within a few seconds from the window's load event. Please make sure it has an appropriate `as` value and it is preloaded intentionally. @ http://localhost:3000/spaces/1:0
[ 1066822ms] [WARNING] The resource http://localhost:3000/_next/static/chunks/%5Broot-of-the-server%5D__054ee4da._.css was preloaded using link preload but not used within a few seconds from the window's load event. Please make sure it has an appropriate `as` value and it is preloaded intentionally. @ http://localhost:3000/spaces/1:0
[ 1071039ms] [WARNING] [Fast Refresh] performing full reload

Fast Refresh will perform a full reload when you edit a file that's imported by modules outside of the React rendering tree.
You might have a file which exports a React component but also exports a value that is imported by a non-React component file.
Consider migrating the non-React component export to a separate file and importing it into both files.

It is also possible the parent component of the component you edited is a class component, which disables Fast Refresh.
Fast Refresh requires at least one parent function component in your React tree. @ http://localhost:3000/_next/static/chunks/9e883_next_dist_4c1928ef._.js:2287
[ 1071059ms] [WARNING] [Fast Refresh] performing full reload because your application had an unrecoverable error @ http://localhost:3000/_next/static/chunks/9e883_next_dist_4c1928ef._.js:2287
[ 1073936ms] [ERROR] Failed to load resource: the server responded with a status of 500 (Internal Server Error) @ http://localhost:3000/spaces/1:0
[ 1075813ms] ReferenceError: dynamic is not defined
    at module evaluation (http://localhost:3000/_next/static/chunks/frontend_src_modules_spaces_1904f8e7._.js:8537:38)
    at http://localhost:3000/_next/static/chunks/turbopack-frontend_ddbb73ac._.js:855:13
    at runModuleExecutionHooks (http://localhost:3000/_next/static/chunks/turbopack-frontend_ddbb73ac._.js:880:13)
    at instantiateModule (http://localhost:3000/_next/static/chunks/turbopack-frontend_ddbb73ac._.js:853:9)
    at getOrInstantiateModuleFromParent (http://localhost:3000/_next/static/chunks/turbopack-frontend_ddbb73ac._.js:806:12)
    at DevContext.esmImport [as i] (http://localhost:3000/_next/static/chunks/turbopack-frontend_ddbb73ac._.js:238:20)
    at module evaluation (http://localhost:3000/_next/static/chunks/frontend_src_modules_spaces_1904f8e7._.js:15529:212)
    at http://localhost:3000/_next/static/chunks/turbopack-frontend_ddbb73ac._.js:855:13
    at runModuleExecutionHooks (http://localhost:3000/_next/static/chunks/turbopack-frontend_ddbb73ac._.js:880:13)
    at instantiateModule (http://localhost:3000/_next/static/chunks/turbopack-frontend_ddbb73ac._.js:853:9)
    at getOrInstantiateModuleFromParent (http://localhost:3000/_next/static/chunks/turbopack-frontend_ddbb73ac._.js:806:12)
    at DevContext.esmImport [as i] (http://localhost:3000/_next/static/chunks/turbopack-frontend_ddbb73ac._.js:238:20)
    at module evaluation (http://localhost:3000/_next/static/chunks/frontend_src_modules_spaces_1904f8e7._.js:15762:211)
    at http://localhost:3000/_next/static/chunks/turbopack-frontend_ddbb73ac._.js:855:13
    at runModuleExecutionHooks (http://localhost:3000/_next/static/chunks/turbopack-frontend_ddbb73ac._.js:880:13)
    at instantiateModule (http://localhost:3000/_next/static/chunks/turbopack-frontend_ddbb73ac._.js:853:9)
    at getOrInstantiateModuleFromParent (http://localhost:3000/_next/static/chunks/turbopack-frontend_ddbb73ac._.js:806:12)
    at DevContext.esmImport [as i] (http://localhost:3000/_next/static/chunks/turbopack-frontend_ddbb73ac._.js:238:20)
    at module evaluation (http://localhost:3000/_next/static/chunks/frontend_src_modules_spaces_1904f8e7._.js:15849:199)
    at http://localhost:3000/_next/static/chunks/turbopack-frontend_ddbb73ac._.js:855:13
    at runModuleExecutionHooks (http://localhost:3000/_next/static/chunks/turbopack-frontend_ddbb73ac._.js:880:13)
    at instantiateModule (http://localhost:3000/_next/static/chunks/turbopack-frontend_ddbb73ac._.js:853:9)
    at getOrInstantiateModuleFromParent (http://localhost:3000/_next/static/chunks/turbopack-frontend_ddbb73ac._.js:806:12)
    at DevContext.esmImport [as i] (http://localhost:3000/_next/static/chunks/turbopack-frontend_ddbb73ac._.js:238:20)
    at module evaluation (http://localhost:3000/_next/static/chunks/frontend_src_modules_spaces_1904f8e7._.js:16666:211)
    at http://localhost:3000/_next/static/chunks/turbopack-frontend_ddbb73ac._.js:855:13
    at runModuleExecutionHooks (http://localhost:3000/_next/static/chunks/turbopack-frontend_ddbb73ac._.js:880:13)
    at instantiateModule (http://localhost:3000/_next/static/chunks/turbopack-frontend_ddbb73ac._.js:853:9)
    at getOrInstantiateModuleFromParent (http://localhost:3000/_next/static/chunks/turbopack-frontend_ddbb73ac._.js:806:12)
    at DevContext.esmImport [as i] (http://localhost:3000/_next/static/chunks/turbopack-frontend_ddbb73ac._.js:238:20)
    at module evaluation (http://localhost:3000/_next/static/chunks/frontend_src_4fb9e60a._.js:167:180)
    at http://localhost:3000/_next/static/chunks/turbopack-frontend_ddbb73ac._.js:855:13
    at runModuleExecutionHooks (http://localhost:3000/_next/static/chunks/turbopack-frontend_ddbb73ac._.js:880:13)
    at instantiateModule (http://localhost:3000/_next/static/chunks/turbopack-frontend_ddbb73ac._.js:853:9)
    at getOrInstantiateModuleFromParent (http://localhost:3000/_next/static/chunks/turbopack-frontend_ddbb73ac._.js:806:12)
    at DevContext.commonJsRequire [as r] (http://localhost:3000/_next/static/chunks/turbopack-frontend_ddbb73ac._.js:259:12)
    at requireModule (http://localhost:3000/_next/static/chunks/9e883_next_dist_compiled_react-server-dom-turbopack_6723cebf._.js:85:84)
    at initializeModuleChunk (http://localhost:3000/_next/static/chunks/9e883_next_dist_compiled_react-server-dom-turbopack_6723cebf._.js:1078:25)
    at resolveModuleChunk (http://localhost:3000/_next/static/chunks/9e883_next_dist_compiled_react-server-dom-turbopack_6723cebf._.js:1002:43)
    at http://localhost:3000/_next/static/chunks/9e883_next_dist_compiled_react-server-dom-turbopack_6723cebf._.js:1722:24
[ 1078973ms] [WARNING] The resource http://localhost:3000/_next/static/chunks/9e883_%40xyflow_react_dist_style_b89b2b56.css was preloaded using link preload but not used within a few seconds from the window's load event. Please make sure it has an appropriate `as` value and it is preloaded intentionally. @ http://localhost:3000/spaces/1:0
[ 1078973ms] [WARNING] The resource http://localhost:3000/_next/static/media/caa3a2e1cccd8315-s.p.853070df.woff2 was preloaded using link preload but not used within a few seconds from the window's load event. Please make sure it has an appropriate `as` value and it is preloaded intentionally. @ http://localhost:3000/spaces/1:0
[ 1078973ms] [WARNING] The resource http://localhost:3000/_next/static/media/797e433ab948586e-s.p.dbea232f.woff2 was preloaded using link preload but not used within a few seconds from the window's load event. Please make sure it has an appropriate `as` value and it is preloaded intentionally. @ http://localhost:3000/spaces/1:0
[ 1078973ms] [WARNING] The resource http://localhost:3000/_next/static/chunks/%5Broot-of-the-server%5D__054ee4da._.css was preloaded using link preload but not used within a few seconds from the window's load event. Please make sure it has an appropriate `as` value and it is preloaded intentionally. @ http://localhost:3000/spaces/1:0
[ 1110796ms] [WARNING] [Fast Refresh] performing full reload

Fast Refresh will perform a full reload when you edit a file that's imported by modules outside of the React rendering tree.
You might have a file which exports a React component but also exports a value that is imported by a non-React component file.
Consider migrating the non-React component export to a separate file and importing it into both files.

It is also possible the parent component of the component you edited is a class component, which disables Fast Refresh.
Fast Refresh requires at least one parent function component in your React tree. @ http://localhost:3000/_next/static/chunks/9e883_next_dist_4c1928ef._.js:2287
[ 1110823ms] [WARNING] [Fast Refresh] performing full reload because your application had an unrecoverable error @ http://localhost:3000/_next/static/chunks/9e883_next_dist_4c1928ef._.js:2287
[ 1114240ms] [WARNING] The resource http://localhost:3000/_next/static/chunks/9e883_%40xyflow_react_dist_style_b89b2b56.css was preloaded using link preload but not used within a few seconds from the window's load event. Please make sure it has an appropriate `as` value and it is preloaded intentionally. @ http://localhost:3000/spaces/1:0
[ 1114241ms] [WARNING] The resource http://localhost:3000/_next/static/media/caa3a2e1cccd8315-s.p.853070df.woff2 was preloaded using link preload but not used within a few seconds from the window's load event. Please make sure it has an appropriate `as` value and it is preloaded intentionally. @ http://localhost:3000/spaces/1:0
[ 1114241ms] [WARNING] The resource http://localhost:3000/_next/static/media/797e433ab948586e-s.p.dbea232f.woff2 was preloaded using link preload but not used within a few seconds from the window's load event. Please make sure it has an appropriate `as` value and it is preloaded intentionally. @ http://localhost:3000/spaces/1:0
[ 1114241ms] [WARNING] The resource http://localhost:3000/_next/static/chunks/%5Broot-of-the-server%5D__054ee4da._.css was preloaded using link preload but not used within a few seconds from the window's load event. Please make sure it has an appropriate `as` value and it is preloaded intentionally. @ http://localhost:3000/spaces/1:0
[ 1115007ms] [ERROR] Failed to load resource: the server responded with a status of 500 (Internal Server Error) @ http://localhost:3000/spaces/1:0
[ 1117004ms] ReferenceError: dynamic is not defined
    at module evaluation (http://localhost:3000/_next/static/chunks/frontend_src_modules_spaces_ui_37ad0d79._.js:6543:38)
    at http://localhost:3000/_next/static/chunks/turbopack-frontend_ddbb73ac._.js:855:13
    at runModuleExecutionHooks (http://localhost:3000/_next/static/chunks/turbopack-frontend_ddbb73ac._.js:880:13)
    at instantiateModule (http://localhost:3000/_next/static/chunks/turbopack-frontend_ddbb73ac._.js:853:9)
    at getOrInstantiateModuleFromParent (http://localhost:3000/_next/static/chunks/turbopack-frontend_ddbb73ac._.js:806:12)
    at DevContext.esmImport [as i] (http://localhost:3000/_next/static/chunks/turbopack-frontend_ddbb73ac._.js:238:20)
    at module evaluation (http://localhost:3000/_next/static/chunks/frontend_src_modules_spaces_ui_37ad0d79._.js:12873:212)
    at http://localhost:3000/_next/static/chunks/turbopack-frontend_ddbb73ac._.js:855:13
    at runModuleExecutionHooks (http://localhost:3000/_next/static/chunks/turbopack-frontend_ddbb73ac._.js:880:13)
    at instantiateModule (http://localhost:3000/_next/static/chunks/turbopack-frontend_ddbb73ac._.js:853:9)
    at getOrInstantiateModuleFromParent (http://localhost:3000/_next/static/chunks/turbopack-frontend_ddbb73ac._.js:806:12)
    at DevContext.esmImport [as i] (http://localhost:3000/_next/static/chunks/turbopack-frontend_ddbb73ac._.js:238:20)
    at module evaluation (http://localhost:3000/_next/static/chunks/frontend_src_modules_spaces_ui_37ad0d79._.js:13106:211)
    at http://localhost:3000/_next/static/chunks/turbopack-frontend_ddbb73ac._.js:855:13
    at runModuleExecutionHooks (http://localhost:3000/_next/static/chunks/turbopack-frontend_ddbb73ac._.js:880:13)
    at instantiateModule (http://localhost:3000/_next/static/chunks/turbopack-frontend_ddbb73ac._.js:853:9)
    at getOrInstantiateModuleFromParent (http://localhost:3000/_next/static/chunks/turbopack-frontend_ddbb73ac._.js:806:12)
    at DevContext.esmImport [as i] (http://localhost:3000/_next/static/chunks/turbopack-frontend_ddbb73ac._.js:238:20)
    at module evaluation (http://localhost:3000/_next/static/chunks/frontend_src_modules_spaces_ui_37ad0d79._.js:13193:199)
    at http://localhost:3000/_next/static/chunks/turbopack-frontend_ddbb73ac._.js:855:13
    at runModuleExecutionHooks (http://localhost:3000/_next/static/chunks/turbopack-frontend_ddbb73ac._.js:880:13)
    at instantiateModule (http://localhost:3000/_next/static/chunks/turbopack-frontend_ddbb73ac._.js:853:9)
    at getOrInstantiateModuleFromParent (http://localhost:3000/_next/static/chunks/turbopack-frontend_ddbb73ac._.js:806:12)
    at DevContext.esmImport [as i] (http://localhost:3000/_next/static/chunks/turbopack-frontend_ddbb73ac._.js:238:20)
    at module evaluation (http://localhost:3000/_next/static/chunks/frontend_src_modules_spaces_ui_37ad0d79._.js:14010:211)
    at http://localhost:3000/_next/static/chunks/turbopack-frontend_ddbb73ac._.js:855:13
    at runModuleExecutionHooks (http://localhost:3000/_next/static/chunks/turbopack-frontend_ddbb73ac._.js:880:13)
    at instantiateModule (http://localhost:3000/_next/static/chunks/turbopack-frontend_ddbb73ac._.js:853:9)
    at getOrInstantiateModuleFromParent (http://localhost:3000/_next/static/chunks/turbopack-frontend_ddbb73ac._.js:806:12)
    at DevContext.esmImport [as i] (http://localhost:3000/_next/static/chunks/turbopack-frontend_ddbb73ac._.js:238:20)
    at module evaluation (http://localhost:3000/_next/static/chunks/frontend_src_4fb9e60a._.js:167:180)
    at http://localhost:3000/_next/static/chunks/turbopack-frontend_ddbb73ac._.js:855:13
    at runModuleExecutionHooks (http://localhost:3000/_next/static/chunks/turbopack-frontend_ddbb73ac._.js:880:13)
    at instantiateModule (http://localhost:3000/_next/static/chunks/turbopack-frontend_ddbb73ac._.js:853:9)
    at getOrInstantiateModuleFromParent (http://localhost:3000/_next/static/chunks/turbopack-frontend_ddbb73ac._.js:806:12)
    at DevContext.commonJsRequire [as r] (http://localhost:3000/_next/static/chunks/turbopack-frontend_ddbb73ac._.js:259:12)
    at requireModule (http://localhost:3000/_next/static/chunks/9e883_next_dist_compiled_react-server-dom-turbopack_6723cebf._.js:85:84)
    at initializeModuleChunk (http://localhost:3000/_next/static/chunks/9e883_next_dist_compiled_react-server-dom-turbopack_6723cebf._.js:1078:25)
    at resolveModuleChunk (http://localhost:3000/_next/static/chunks/9e883_next_dist_compiled_react-server-dom-turbopack_6723cebf._.js:1002:43)
    at http://localhost:3000/_next/static/chunks/9e883_next_dist_compiled_react-server-dom-turbopack_6723cebf._.js:1722:24
[ 1120385ms] [WARNING] The resource http://localhost:3000/_next/static/chunks/9e883_%40xyflow_react_dist_style_b89b2b56.css was preloaded using link preload but not used within a few seconds from the window's load event. Please make sure it has an appropriate `as` value and it is preloaded intentionally. @ http://localhost:3000/spaces/1:0
[ 1120386ms] [WARNING] The resource http://localhost:3000/_next/static/media/caa3a2e1cccd8315-s.p.853070df.woff2 was preloaded using link preload but not used within a few seconds from the window's load event. Please make sure it has an appropriate `as` value and it is preloaded intentionally. @ http://localhost:3000/spaces/1:0
[ 1120386ms] [WARNING] The resource http://localhost:3000/_next/static/media/797e433ab948586e-s.p.dbea232f.woff2 was preloaded using link preload but not used within a few seconds from the window's load event. Please make sure it has an appropriate `as` value and it is preloaded intentionally. @ http://localhost:3000/spaces/1:0
[ 1120386ms] [WARNING] The resource http://localhost:3000/_next/static/chunks/%5Broot-of-the-server%5D__054ee4da._.css was preloaded using link preload but not used within a few seconds from the window's load event. Please make sure it has an appropriate `as` value and it is preloaded intentionally. @ http://localhost:3000/spaces/1:0
[ 1171343ms] [WARNING] [Fast Refresh] performing full reload

Fast Refresh will perform a full reload when you edit a file that's imported by modules outside of the React rendering tree.
You might have a file which exports a React component but also exports a value that is imported by a non-React component file.
Consider migrating the non-React component export to a separate file and importing it into both files.

It is also possible the parent component of the component you edited is a class component, which disables Fast Refresh.
Fast Refresh requires at least one parent function component in your React tree. @ http://localhost:3000/_next/static/chunks/9e883_next_dist_4c1928ef._.js:2287
[ 1171366ms] [WARNING] [Fast Refresh] performing full reload because your application had an unrecoverable error @ http://localhost:3000/_next/static/chunks/9e883_next_dist_4c1928ef._.js:2287
[ 1175879ms] [WARNING] If you do not provide a visible label, you must specify an aria-label or aria-labelledby attribute for accessibility @ http://localhost:3000/_next/static/chunks/9e883_next_dist_4c1928ef._.js:2287
[ 1175882ms] [WARNING] If you do not provide a visible label, you must specify an aria-label or aria-labelledby attribute for accessibility @ http://localhost:3000/_next/static/chunks/9e883_next_dist_4c1928ef._.js:2287
[ 1175889ms] [WARNING] If you do not provide a visible label, you must specify an aria-label or aria-labelledby attribute for accessibility @ http://localhost:3000/_next/static/chunks/9e883_next_dist_4c1928ef._.js:2287
[ 1175890ms] [WARNING] If you do not provide a visible label, you must specify an aria-label or aria-labelledby attribute for accessibility @ http://localhost:3000/_next/static/chunks/9e883_next_dist_4c1928ef._.js:2287
[ 1175897ms] [WARNING] If you do not provide a visible label, you must specify an aria-label or aria-labelledby attribute for accessibility @ http://localhost:3000/_next/static/chunks/9e883_next_dist_4c1928ef._.js:2287
[ 1175898ms] [WARNING] If you do not provide a visible label, you must specify an aria-label or aria-labelledby attribute for accessibility @ http://localhost:3000/_next/static/chunks/9e883_next_dist_4c1928ef._.js:2287
[ 1175904ms] [WARNING] If you do not provide a visible label, you must specify an aria-label or aria-labelledby attribute for accessibility @ http://localhost:3000/_next/static/chunks/9e883_next_dist_4c1928ef._.js:2287
[ 1175905ms] [WARNING] If you do not provide a visible label, you must specify an aria-label or aria-labelledby attribute for accessibility @ http://localhost:3000/_next/static/chunks/9e883_next_dist_4c1928ef._.js:2287
[ 1175914ms] [WARNING] If you do not provide a visible label, you must specify an aria-label or aria-labelledby attribute for accessibility @ http://localhost:3000/_next/static/chunks/9e883_next_dist_4c1928ef._.js:2287
[ 1175914ms] [WARNING] If you do not provide a visible label, you must specify an aria-label or aria-labelledby attribute for accessibility @ http://localhost:3000/_next/static/chunks/9e883_next_dist_4c1928ef._.js:2287
[ 1175921ms] [WARNING] If you do not provide a visible label, you must specify an aria-label or aria-labelledby attribute for accessibility @ http://localhost:3000/_next/static/chunks/9e883_next_dist_4c1928ef._.js:2287
[ 1175922ms] [WARNING] If you do not provide a visible label, you must specify an aria-label or aria-labelledby attribute for accessibility @ http://localhost:3000/_next/static/chunks/9e883_next_dist_4c1928ef._.js:2287
[ 1176071ms] [WARNING] If you do not provide a visible label, you must specify an aria-label or aria-labelledby attribute for accessibility @ http://localhost:3000/_next/static/chunks/9e883_next_dist_4c1928ef._.js:2287
[ 1176072ms] [WARNING] If you do not provide a visible label, you must specify an aria-label or aria-labelledby attribute for accessibility @ http://localhost:3000/_next/static/chunks/9e883_next_dist_4c1928ef._.js:2287
[ 1176079ms] [WARNING] If you do not provide a visible label, you must specify an aria-label or aria-labelledby attribute for accessibility @ http://localhost:3000/_next/static/chunks/9e883_next_dist_4c1928ef._.js:2287
[ 1176080ms] [WARNING] If you do not provide a visible label, you must specify an aria-label or aria-labelledby attribute for accessibility @ http://localhost:3000/_next/static/chunks/9e883_next_dist_4c1928ef._.js:2287
[ 1176087ms] [WARNING] If you do not provide a visible label, you must specify an aria-label or aria-labelledby attribute for accessibility @ http://localhost:3000/_next/static/chunks/9e883_next_dist_4c1928ef._.js:2287
[ 1176088ms] [WARNING] If you do not provide a visible label, you must specify an aria-label or aria-labelledby attribute for accessibility @ http://localhost:3000/_next/static/chunks/9e883_next_dist_4c1928ef._.js:2287
[ 1176097ms] [WARNING] If you do not provide a visible label, you must specify an aria-label or aria-labelledby attribute for accessibility @ http://localhost:3000/_next/static/chunks/9e883_next_dist_4c1928ef._.js:2287
[ 1176098ms] [WARNING] If you do not provide a visible label, you must specify an aria-label or aria-labelledby attribute for accessibility @ http://localhost:3000/_next/static/chunks/9e883_next_dist_4c1928ef._.js:2287
[ 1176108ms] [WARNING] If you do not provide a visible label, you must specify an aria-label or aria-labelledby attribute for accessibility @ http://localhost:3000/_next/static/chunks/9e883_next_dist_4c1928ef._.js:2287
[ 1176109ms] [WARNING] If you do not provide a visible label, you must specify an aria-label or aria-labelledby attribute for accessibility @ http://localhost:3000/_next/static/chunks/9e883_next_dist_4c1928ef._.js:2287
[ 1176118ms] [WARNING] If you do not provide a visible label, you must specify an aria-label or aria-labelledby attribute for accessibility @ http://localhost:3000/_next/static/chunks/9e883_next_dist_4c1928ef._.js:2287
[ 1176118ms] [WARNING] If you do not provide a visible label, you must specify an aria-label or aria-labelledby attribute for accessibility @ http://localhost:3000/_next/static/chunks/9e883_next_dist_4c1928ef._.js:2287
[ 1176504ms] [WARNING] If you do not provide a visible label, you must specify an aria-label or aria-labelledby attribute for accessibility @ http://localhost:3000/_next/static/chunks/9e883_next_dist_4c1928ef._.js:2287
[ 1176505ms] [WARNING] If you do not provide a visible label, you must specify an aria-label or aria-labelledby attribute for accessibility @ http://localhost:3000/_next/static/chunks/9e883_next_dist_4c1928ef._.js:2287
[ 1176506ms] [WARNING] If you do not provide a visible label, you must specify an aria-label or aria-labelledby attribute for accessibility @ http://localhost:3000/_next/static/chunks/9e883_next_dist_4c1928ef._.js:2287
[ 1176506ms] [WARNING] If you do not provide a visible label, you must specify an aria-label or aria-labelledby attribute for accessibility @ http://localhost:3000/_next/static/chunks/9e883_next_dist_4c1928ef._.js:2287
[ 1176507ms] [WARNING] If you do not provide a visible label, you must specify an aria-label or aria-labelledby attribute for accessibility @ http://localhost:3000/_next/static/chunks/9e883_next_dist_4c1928ef._.js:2287
[ 1176508ms] [WARNING] If you do not provide a visible label, you must specify an aria-label or aria-labelledby attribute for accessibility @ http://localhost:3000/_next/static/chunks/9e883_next_dist_4c1928ef._.js:2287
[ 1176509ms] [WARNING] If you do not provide a visible label, you must specify an aria-label or aria-labelledby attribute for accessibility @ http://localhost:3000/_next/static/chunks/9e883_next_dist_4c1928ef._.js:2287
[ 1176509ms] [WARNING] If you do not provide a visible label, you must specify an aria-label or aria-labelledby attribute for accessibility @ http://localhost:3000/_next/static/chunks/9e883_next_dist_4c1928ef._.js:2287
[ 1176510ms] [WARNING] If you do not provide a visible label, you must specify an aria-label or aria-labelledby attribute for accessibility @ http://localhost:3000/_next/static/chunks/9e883_next_dist_4c1928ef._.js:2287
[ 1176511ms] [WARNING] If you do not provide a visible label, you must specify an aria-label or aria-labelledby attribute for accessibility @ http://localhost:3000/_next/static/chunks/9e883_next_dist_4c1928ef._.js:2287
[ 1176512ms] [WARNING] If you do not provide a visible label, you must specify an aria-label or aria-labelledby attribute for accessibility @ http://localhost:3000/_next/static/chunks/9e883_next_dist_4c1928ef._.js:2287
[ 1176512ms] [WARNING] If you do not provide a visible label, you must specify an aria-label or aria-labelledby attribute for accessibility @ http://localhost:3000/_next/static/chunks/9e883_next_dist_4c1928ef._.js:2287
