[    3120ms] [ERROR] %c%s%c Error fetching projects: background: #e6e6e6;background: light-dark(rgba(0,0,0,0.1), rgba(255,255,255,0.25));color: #000000;color: light-dark(#000000, #ffffff);border-radius: 2px  Server   TypeError: fetch failed
    at getProjects (about://React/Server/file:///Users/kamil/Documents/DEV/axon/axon/frontend/.next/dev/server/chunks/ssr/%5Broot-of-the-server%5D__703ae035._.js?21:793:21)
    at ProjectsPage (about://React/Server/file:///Users/kamil/Documents/DEV/axon/axon/frontend/.next/dev/server/chunks/ssr/%5Broot-of-the-server%5D__703ae035._.js?22:985:22)
    at resolveErrorDev (http://localhost:3000/_next/static/chunks/9e883_next_dist_compiled_react-server-dom-turbopack_6723cebf._.js:1882:106)
    at getOutlinedModel (http://localhost:3000/_next/static/chunks/9e883_next_dist_compiled_react-server-dom-turbopack_6723cebf._.js:1434:28)
    at parseModelString (http://localhost:3000/_next/static/chunks/9e883_next_dist_compiled_react-server-dom-turbopack_6723cebf._.js:1548:50)
    at Object.<anonymous> (http://localhost:3000/_next/static/chunks/9e883_next_dist_compiled_react-server-dom-turbopack_6723cebf._.js:2475:51)
    at JSON.parse (<anonymous>)
    at initializeModelChunk (http://localhost:3000/_next/static/chunks/9e883_next_dist_compiled_react-server-dom-turbopack_6723cebf._.js:1053:30)
    at getOutlinedModel (http://localhost:3000/_next/static/chunks/9e883_next_dist_compiled_react-server-dom-turbopack_6723cebf._.js:1372:17)
    at parseModelString (http://localhost:3000/_next/static/chunks/9e883_next_dist_compiled_react-server-dom-turbopack_6723cebf._.js:1602:50)
    at Array.<anonymous> (http://localhost:3000/_next/static/chunks/9e883_next_dist_compiled_react-server-dom-turbopack_6723cebf._.js:2475:51)
    at JSON.parse (<anonymous>)
    at initializeModelChunk (http://localhost:3000/_next/static/chunks/9e883_next_dist_compiled_react-server-dom-turbopack_6723cebf._.js:1053:30)
    at resolveConsoleEntry (http://localhost:3000/_next/static/chunks/9e883_next_dist_compiled_react-server-dom-turbopack_6723cebf._.js:2008:96)
    at processFullStringRow (http://localhost:3000/_next/static/chunks/9e883_next_dist_compiled_react-server-dom-turbopack_6723cebf._.js:2409:17)
    at processFullBinaryRow (http://localhost:3000/_next/static/chunks/9e883_next_dist_compiled_react-server-dom-turbopack_6723cebf._.js:2349:9)
    at processBinaryChunk (http://localhost:3000/_next/static/chunks/9e883_next_dist_compiled_react-server-dom-turbopack_6723cebf._.js:2459:98)
    at progress (http://localhost:3000/_next/static/chunks/9e883_next_dist_compiled_react-server-dom-turbopack_6723cebf._.js:2628:13) @ http://localhost:3000/_next/static/chunks/9e883_next_dist_4c1928ef._.js:3117
[    7381ms] [WARNING] Warning: Missing `Description` or `aria-describedby={undefined}` for {DialogContent}. @ http://localhost:3000/_next/static/chunks/9e883_next_dist_4c1928ef._.js:2287
[    7390ms] [WARNING] Warning: Missing `Description` or `aria-describedby={undefined}` for {DialogContent}. @ http://localhost:3000/_next/static/chunks/9e883_next_dist_4c1928ef._.js:2287
[ 3322125ms] TypeError: Component is not a function
    at Object.react_stack_bottom_frame (http://localhost:3000/_next/static/chunks/9e883_next_dist_compiled_react-dom_33d456f8._.js:14816:24)
    at renderWithHooks (http://localhost:3000/_next/static/chunks/9e883_next_dist_compiled_react-dom_33d456f8._.js:4645:24)
    at updateFunctionComponent (http://localhost:3000/_next/static/chunks/9e883_next_dist_compiled_react-dom_33d456f8._.js:6106:21)
    at beginWork (http://localhost:3000/_next/static/chunks/9e883_next_dist_compiled_react-dom_33d456f8._.js:6702:24)
    at runWithFiberInDEV (http://localhost:3000/_next/static/chunks/9e883_next_dist_compiled_react-dom_33d456f8._.js:959:74)
    at performUnitOfWork (http://localhost:3000/_next/static/chunks/9e883_next_dist_compiled_react-dom_33d456f8._.js:9556:97)
    at workLoopSync (http://localhost:3000/_next/static/chunks/9e883_next_dist_compiled_react-dom_33d456f8._.js:9450:40)
    at renderRootSync (http://localhost:3000/_next/static/chunks/9e883_next_dist_compiled_react-dom_33d456f8._.js:9434:13)
    at performWorkOnRoot (http://localhost:3000/_next/static/chunks/9e883_next_dist_compiled_react-dom_33d456f8._.js:9099:47)
    at performSyncWorkOnRoot (http://localhost:3000/_next/static/chunks/9e883_next_dist_compiled_react-dom_33d456f8._.js:10232:9)
    at flushSyncWorkAcrossRoots_impl (http://localhost:3000/_next/static/chunks/9e883_next_dist_compiled_react-dom_33d456f8._.js:10148:316)
    at flushSyncWork$1 (http://localhost:3000/_next/static/chunks/9e883_next_dist_compiled_react-dom_33d456f8._.js:9231:86)
    at Object.scheduleRefresh (http://localhost:3000/_next/static/chunks/9e883_next_dist_compiled_react-dom_33d456f8._.js:294:13)
    at http://localhost:3000/_next/static/chunks/9e883_next_dist_compiled_8f5ebc08._.js:391:33
    at Set.forEach (<anonymous>)
    at Object.performReactRefresh (http://localhost:3000/_next/static/chunks/9e883_next_dist_compiled_8f5ebc08._.js:384:38)
    at applyUpdate (http://localhost:3000/_next/static/chunks/9e883_next_dist_compiled_8f5ebc08._.js:878:31)
    at http://localhost:3000/_next/static/chunks/9e883_next_dist_compiled_8f5ebc08._.js:886:13
[ 3351620ms] [WARNING] [Fast Refresh] performing full reload because your application had an unrecoverable error @ http://localhost:3000/_next/static/chunks/9e883_next_dist_4c1928ef._.js:2287
[ 3352100ms] TypeError: Component is not a function
    at Object.react_stack_bottom_frame (http://localhost:3000/_next/static/chunks/9e883_next_dist_compiled_react-dom_33d456f8._.js:14816:24)
    at renderWithHooks (http://localhost:3000/_next/static/chunks/9e883_next_dist_compiled_react-dom_33d456f8._.js:4645:24)
    at updateFunctionComponent (http://localhost:3000/_next/static/chunks/9e883_next_dist_compiled_react-dom_33d456f8._.js:6106:21)
    at beginWork (http://localhost:3000/_next/static/chunks/9e883_next_dist_compiled_react-dom_33d456f8._.js:6702:24)
    at runWithFiberInDEV (http://localhost:3000/_next/static/chunks/9e883_next_dist_compiled_react-dom_33d456f8._.js:959:74)
    at performUnitOfWork (http://localhost:3000/_next/static/chunks/9e883_next_dist_compiled_react-dom_33d456f8._.js:9556:97)
    at workLoopSync (http://localhost:3000/_next/static/chunks/9e883_next_dist_compiled_react-dom_33d456f8._.js:9450:40)
    at renderRootSync (http://localhost:3000/_next/static/chunks/9e883_next_dist_compiled_react-dom_33d456f8._.js:9434:13)
    at performWorkOnRoot (http://localhost:3000/_next/static/chunks/9e883_next_dist_compiled_react-dom_33d456f8._.js:9099:47)
    at performSyncWorkOnRoot (http://localhost:3000/_next/static/chunks/9e883_next_dist_compiled_react-dom_33d456f8._.js:10232:9)
    at flushSyncWorkAcrossRoots_impl (http://localhost:3000/_next/static/chunks/9e883_next_dist_compiled_react-dom_33d456f8._.js:10148:316)
    at flushSyncWork$1 (http://localhost:3000/_next/static/chunks/9e883_next_dist_compiled_react-dom_33d456f8._.js:9231:86)
    at Object.scheduleRefresh (http://localhost:3000/_next/static/chunks/9e883_next_dist_compiled_react-dom_33d456f8._.js:294:13)
    at http://localhost:3000/_next/static/chunks/9e883_next_dist_compiled_8f5ebc08._.js:391:33
    at Set.forEach (<anonymous>)
    at Object.performReactRefresh (http://localhost:3000/_next/static/chunks/9e883_next_dist_compiled_8f5ebc08._.js:384:38)
    at applyUpdate (http://localhost:3000/_next/static/chunks/9e883_next_dist_compiled_8f5ebc08._.js:878:31)
    at http://localhost:3000/_next/static/chunks/9e883_next_dist_compiled_8f5ebc08._.js:886:13
[ 3355965ms] [ERROR] %c%s%c Error fetching projects: background: #e6e6e6;background: light-dark(rgba(0,0,0,0.1), rgba(255,255,255,0.25));color: #000000;color: light-dark(#000000, #ffffff);border-radius: 2px  Server   TypeError: fetch failed
    at getProjects (about://React/Server/file:///Users/kamil/Documents/DEV/axon/axon/frontend/.next/dev/server/chunks/ssr/%5Broot-of-the-server%5D__703ae035._.js?21:793:21)
    at ProjectsPage (about://React/Server/file:///Users/kamil/Documents/DEV/axon/axon/frontend/.next/dev/server/chunks/ssr/%5Broot-of-the-server%5D__703ae035._.js?22:985:22)
    at resolveErrorDev (http://localhost:3000/_next/static/chunks/9e883_next_dist_compiled_react-server-dom-turbopack_6723cebf._.js:1882:106)
    at getOutlinedModel (http://localhost:3000/_next/static/chunks/9e883_next_dist_compiled_react-server-dom-turbopack_6723cebf._.js:1434:28)
    at parseModelString (http://localhost:3000/_next/static/chunks/9e883_next_dist_compiled_react-server-dom-turbopack_6723cebf._.js:1548:50)
    at Object.<anonymous> (http://localhost:3000/_next/static/chunks/9e883_next_dist_compiled_react-server-dom-turbopack_6723cebf._.js:2475:51)
    at JSON.parse (<anonymous>)
    at initializeModelChunk (http://localhost:3000/_next/static/chunks/9e883_next_dist_compiled_react-server-dom-turbopack_6723cebf._.js:1053:30)
    at getOutlinedModel (http://localhost:3000/_next/static/chunks/9e883_next_dist_compiled_react-server-dom-turbopack_6723cebf._.js:1372:17)
    at parseModelString (http://localhost:3000/_next/static/chunks/9e883_next_dist_compiled_react-server-dom-turbopack_6723cebf._.js:1602:50)
    at Array.<anonymous> (http://localhost:3000/_next/static/chunks/9e883_next_dist_compiled_react-server-dom-turbopack_6723cebf._.js:2475:51)
    at JSON.parse (<anonymous>)
    at initializeModelChunk (http://localhost:3000/_next/static/chunks/9e883_next_dist_compiled_react-server-dom-turbopack_6723cebf._.js:1053:30)
    at resolveConsoleEntry (http://localhost:3000/_next/static/chunks/9e883_next_dist_compiled_react-server-dom-turbopack_6723cebf._.js:2008:96)
    at processFullStringRow (http://localhost:3000/_next/static/chunks/9e883_next_dist_compiled_react-server-dom-turbopack_6723cebf._.js:2409:17)
    at processFullBinaryRow (http://localhost:3000/_next/static/chunks/9e883_next_dist_compiled_react-server-dom-turbopack_6723cebf._.js:2349:9)
    at processBinaryChunk (http://localhost:3000/_next/static/chunks/9e883_next_dist_compiled_react-server-dom-turbopack_6723cebf._.js:2459:98)
    at progress (http://localhost:3000/_next/static/chunks/9e883_next_dist_compiled_react-server-dom-turbopack_6723cebf._.js:2628:13) @ http://localhost:3000/_next/static/chunks/9e883_next_dist_4c1928ef._.js:3117
[ 3699950ms] [ERROR] `DialogContent` requires a `DialogTitle` for the component to be accessible for screen reader users.

If you want to hide the `DialogTitle`, you can wrap it with our VisuallyHidden component.

For more information, see https://radix-ui.com/primitives/docs/components/dialog @ http://localhost:3000/_next/static/chunks/9e883_next_dist_4c1928ef._.js:3117
[ 3699952ms] [WARNING] Warning: Missing `Description` or `aria-describedby={undefined}` for {DialogContent}. @ http://localhost:3000/_next/static/chunks/9e883_next_dist_4c1928ef._.js:2287
[ 3699960ms] [ERROR] `DialogContent` requires a `DialogTitle` for the component to be accessible for screen reader users.

If you want to hide the `DialogTitle`, you can wrap it with our VisuallyHidden component.

For more information, see https://radix-ui.com/primitives/docs/components/dialog @ http://localhost:3000/_next/static/chunks/9e883_next_dist_4c1928ef._.js:3117
[ 3699961ms] [WARNING] Warning: Missing `Description` or `aria-describedby={undefined}` for {DialogContent}. @ http://localhost:3000/_next/static/chunks/9e883_next_dist_4c1928ef._.js:2287
